2020-11-04 09:48:31,469 [Worker-2: Loading available Gradle versions] INFO  o.e.b.c.i.u.g.PublishedGradleVersions - Gradle version information cache is up-to-date. Trying to read.
2020-11-04 09:52:50,607 [Worker-3: Creating webapp-javaee7] INFO  o.e.m.c.i.p.ProjectConfigurationManager - Collecting project info '/pom.xml' D:\Desarrollo_Orientado_Servicios\workspace3\webclient\pom.xml
2020-11-04 09:53:06,816 [Worker-3: Creating webapp-javaee7] INFO  o.e.m.c.i.l.LifecycleMappingFactory - Using org.maven.ide.eclipse.wtp.WarLifecycleMapping lifecycle mapping for MavenProject: soapclient:webclient:0.0.1-SNAPSHOT @ D:\Desarrollo_Orientado_Servicios\workspace3\webclient\pom.xml.
2020-11-04 09:53:10,196 [Worker-3: Creating webapp-javaee7] INFO  o.e.m.j.i.AbstractJavaProjectConfigurator - Adding source folder /webclient/src/main/java
2020-11-04 09:53:10,201 [Worker-3: Creating webapp-javaee7] INFO  o.e.m.j.i.AbstractJavaProjectConfigurator - Adding source folder /webclient/src/test/java
2020-11-04 09:53:35,273 [Worker-3: Creating webapp-javaee7] INFO  o.e.m.c.i.embedder.EclipseLogger - Using 'UTF-8' encoding to copy filtered resources.
2020-11-04 09:53:35,274 [Worker-3: Creating webapp-javaee7] INFO  o.e.m.c.i.embedder.EclipseLogger - skip non existing resourceDirectory D:\Desarrollo_Orientado_Servicios\workspace3\webclient\src\main\resources
2020-11-04 09:53:35,278 [Worker-3: Creating webapp-javaee7] INFO  o.e.m.c.i.embedder.EclipseLogger - Using 'UTF-8' encoding to copy filtered resources.
2020-11-04 09:53:35,278 [Worker-3: Creating webapp-javaee7] INFO  o.e.m.c.i.embedder.EclipseLogger - skip non existing resourceDirectory D:\Desarrollo_Orientado_Servicios\workspace3\webclient\src\test\resources
2020-11-04 09:53:41,110 [Worker-3: Creating webapp-javaee7] INFO  o.e.m.c.i.p.ProjectConfigurationManager - Imported and configured 1 project(s) in 50 sec
2020-11-04 09:53:42,540 [Worker-29: Building] INFO  o.e.m.c.i.embedder.EclipseLogger - Using 'UTF-8' encoding to copy filtered resources.
2020-11-04 09:53:42,540 [Worker-29: Building] INFO  o.e.m.c.i.embedder.EclipseLogger - skip non existing resourceDirectory D:\Desarrollo_Orientado_Servicios\workspace3\webclient\src\main\resources
2020-11-04 09:53:42,545 [Worker-29: Building] INFO  o.e.m.c.i.embedder.EclipseLogger - Using 'UTF-8' encoding to copy filtered resources.
2020-11-04 09:53:42,545 [Worker-29: Building] INFO  o.e.m.c.i.embedder.EclipseLogger - skip non existing resourceDirectory D:\Desarrollo_Orientado_Servicios\workspace3\webclient\src\test\resources
2020-11-04 09:54:05,949 [Worker-20: Building] INFO  o.e.m.c.i.l.LifecycleMappingFactory - Using org.maven.ide.eclipse.wtp.WarLifecycleMapping lifecycle mapping for MavenProject: soapclient:webclient:0.0.1-SNAPSHOT @ D:\Desarrollo_Orientado_Servicios\workspace3\webclient\pom.xml.
2020-11-04 09:54:06,922 [Worker-20: Building] INFO  o.e.m.c.i.embedder.EclipseLogger - Using 'UTF-8' encoding to copy filtered resources.
2020-11-04 09:54:06,924 [Worker-20: Building] INFO  o.e.m.c.i.embedder.EclipseLogger - skip non existing resourceDirectory D:\Desarrollo_Orientado_Servicios\workspace3\webclient\src\main\resources
2020-11-04 09:54:06,928 [Worker-20: Building] INFO  o.e.m.c.i.embedder.EclipseLogger - Using 'UTF-8' encoding to copy filtered resources.
2020-11-04 09:54:06,930 [Worker-20: Building] INFO  o.e.m.c.i.embedder.EclipseLogger - skip non existing resourceDirectory D:\Desarrollo_Orientado_Servicios\workspace3\webclient\src\test\resources
2020-11-04 09:54:06,931 [Worker-20: Building] INFO  o.e.m.w.i.f.ResourceFilteringBuildParticipant - Changed resources require a complete clean of filtered resources of webclient
2020-11-04 09:54:06,932 [Worker-20: Building] INFO  o.e.m.w.i.f.ResourceFilteringBuildParticipant - Executing resource filtering for webclient
2020-11-04 09:54:07,211 [Worker-20: Building] INFO  o.e.m.c.i.embedder.EclipseLogger - Using 'UTF-8' encoding to copy filtered resources.
2020-11-04 09:54:12,033 [Worker-20: Building] INFO  o.e.m.c.i.embedder.EclipseLogger - Using 'UTF-8' encoding to copy filtered resources.
2020-11-04 09:54:12,033 [Worker-20: Building] INFO  o.e.m.c.i.embedder.EclipseLogger - skip non existing resourceDirectory D:\Desarrollo_Orientado_Servicios\workspace3\webclient\src\main\resources
2020-11-04 09:54:12,044 [Worker-20: Building] INFO  o.e.m.c.i.embedder.EclipseLogger - Using 'UTF-8' encoding to copy filtered resources.
2020-11-04 09:54:12,044 [Worker-20: Building] INFO  o.e.m.c.i.embedder.EclipseLogger - skip non existing resourceDirectory D:\Desarrollo_Orientado_Servicios\workspace3\webclient\src\test\resources
2020-11-04 09:54:16,599 [Worker-29: Download sources and javadoc] INFO  o.e.m.c.i.e.AbstractTransferListenerAdapter - Downloaded http://repository.jboss.com/maven2/ustados/mysql/0.0.1-SNAPSHOT/mysql-0.0.1-SNAPSHOT-javadoc.jar
2020-11-04 09:54:18,677 [Worker-29: Download sources and javadoc] INFO  o.e.m.c.i.e.AbstractTransferListenerAdapter - Downloaded http://repository.primefaces.org/ustados/mysql/0.0.1-SNAPSHOT/mysql-0.0.1-SNAPSHOT-javadoc.jar
2020-11-04 09:54:19,971 [Worker-29: Download sources and javadoc] INFO  o.e.m.c.i.e.AbstractTransferListenerAdapter - Downloaded http://download.java.net/maven/2/ustados/mysql/0.0.1-SNAPSHOT/mysql-0.0.1-SNAPSHOT-javadoc.jar
2020-11-04 09:54:20,027 [Worker-29: Download sources and javadoc] ERROR o.e.m.j.internal.DownloadSourcesJob - Could not download javadoc for ustados:mysql:0.0.1-SNAPSHOT
org.eclipse.core.runtime.CoreException: Could not resolve artifact ustados:mysql:jar:javadoc:0.0.1-SNAPSHOT
	at org.eclipse.m2e.core.internal.embedder.MavenImpl.lambda$4(MavenImpl.java:803) ~[org.eclipse.m2e.core_1.16.0.20200605-0817.jar:na]
	at org.eclipse.m2e.core.internal.embedder.MavenExecutionContext.executeBare(MavenExecutionContext.java:179) ~[org.eclipse.m2e.core_1.16.0.20200605-0817.jar:na]
	at org.eclipse.m2e.core.internal.embedder.MavenExecutionContext.execute(MavenExecutionContext.java:114) ~[org.eclipse.m2e.core_1.16.0.20200605-0817.jar:na]
	at org.eclipse.m2e.core.internal.embedder.MavenExecutionContext.execute(MavenExecutionContext.java:101) ~[org.eclipse.m2e.core_1.16.0.20200605-0817.jar:na]
	at org.eclipse.m2e.core.internal.embedder.MavenImpl.resolve(MavenImpl.java:771) ~[org.eclipse.m2e.core_1.16.0.20200605-0817.jar:na]
	at org.eclipse.m2e.core.internal.embedder.MavenImpl.resolve(MavenImpl.java:748) ~[org.eclipse.m2e.core_1.16.0.20200605-0817.jar:na]
	at org.eclipse.m2e.jdt.internal.DownloadSourcesJob.download(DownloadSourcesJob.java:330) [org.eclipse.m2e.jdt_1.16.0.20200610-1500.jar:na]
	at org.eclipse.m2e.jdt.internal.DownloadSourcesJob.downloadAttachments(DownloadSourcesJob.java:316) [org.eclipse.m2e.jdt_1.16.0.20200610-1500.jar:na]
	at org.eclipse.m2e.jdt.internal.DownloadSourcesJob.downloadMaven(DownloadSourcesJob.java:269) [org.eclipse.m2e.jdt_1.16.0.20200610-1500.jar:na]
	at org.eclipse.m2e.jdt.internal.DownloadSourcesJob.downloadFilesAndPopulateToUpdate(DownloadSourcesJob.java:233) [org.eclipse.m2e.jdt_1.16.0.20200610-1500.jar:na]
	at org.eclipse.m2e.jdt.internal.DownloadSourcesJob.lambda$0(DownloadSourcesJob.java:161) [org.eclipse.m2e.jdt_1.16.0.20200610-1500.jar:na]
	at org.eclipse.m2e.core.internal.embedder.MavenExecutionContext.executeBare(MavenExecutionContext.java:179) ~[org.eclipse.m2e.core_1.16.0.20200605-0817.jar:na]
	at org.eclipse.m2e.core.internal.embedder.MavenExecutionContext.execute(MavenExecutionContext.java:153) ~[org.eclipse.m2e.core_1.16.0.20200605-0817.jar:na]
	at org.eclipse.m2e.core.internal.embedder.MavenExecutionContext.execute(MavenExecutionContext.java:101) ~[org.eclipse.m2e.core_1.16.0.20200605-0817.jar:na]
	at org.eclipse.m2e.core.internal.embedder.MavenImpl.execute(MavenImpl.java:1373) ~[org.eclipse.m2e.core_1.16.0.20200605-0817.jar:na]
	at org.eclipse.m2e.jdt.internal.DownloadSourcesJob.run(DownloadSourcesJob.java:161) [org.eclipse.m2e.jdt_1.16.0.20200610-1500.jar:na]
	at org.eclipse.core.internal.jobs.Worker.run(Worker.java:63) ~[org.eclipse.core.jobs_3.10.800.v20200421-0950.jar:na]
2020-11-04 09:54:23,850 [Worker-29: Download sources and javadoc] INFO  o.e.m.c.i.e.AbstractTransferListenerAdapter - Downloaded http://repository.jboss.com/maven2/ustados/postgres/0.0.1-SNAPSHOT/postgres-0.0.1-SNAPSHOT-sources.jar
2020-11-04 09:54:25,056 [Worker-29: Download sources and javadoc] INFO  o.e.m.c.i.e.AbstractTransferListenerAdapter - Downloaded http://repository.primefaces.org/ustados/postgres/0.0.1-SNAPSHOT/postgres-0.0.1-SNAPSHOT-sources.jar
2020-11-04 09:54:26,654 [Worker-29: Download sources and javadoc] INFO  o.e.m.c.i.e.AbstractTransferListenerAdapter - Downloaded http://download.java.net/maven/2/ustados/postgres/0.0.1-SNAPSHOT/postgres-0.0.1-SNAPSHOT-sources.jar
2020-11-04 09:54:26,727 [Worker-29: Download sources and javadoc] ERROR o.e.m.j.internal.DownloadSourcesJob - Could not download sources for ustados:postgres:0.0.1-SNAPSHOT
org.eclipse.core.runtime.CoreException: Could not resolve artifact ustados:postgres:jar:sources:0.0.1-SNAPSHOT
	at org.eclipse.m2e.core.internal.embedder.MavenImpl.lambda$4(MavenImpl.java:803) ~[org.eclipse.m2e.core_1.16.0.20200605-0817.jar:na]
	at org.eclipse.m2e.core.internal.embedder.MavenExecutionContext.executeBare(MavenExecutionContext.java:179) ~[org.eclipse.m2e.core_1.16.0.20200605-0817.jar:na]
	at org.eclipse.m2e.core.internal.embedder.MavenExecutionContext.execute(MavenExecutionContext.java:114) ~[org.eclipse.m2e.core_1.16.0.20200605-0817.jar:na]
	at org.eclipse.m2e.core.internal.embedder.MavenExecutionContext.execute(MavenExecutionContext.java:101) ~[org.eclipse.m2e.core_1.16.0.20200605-0817.jar:na]
	at org.eclipse.m2e.core.internal.embedder.MavenImpl.resolve(MavenImpl.java:771) ~[org.eclipse.m2e.core_1.16.0.20200605-0817.jar:na]
	at org.eclipse.m2e.core.internal.embedder.MavenImpl.resolve(MavenImpl.java:748) ~[org.eclipse.m2e.core_1.16.0.20200605-0817.jar:na]
	at org.eclipse.m2e.jdt.internal.DownloadSourcesJob.download(DownloadSourcesJob.java:330) [org.eclipse.m2e.jdt_1.16.0.20200610-1500.jar:na]
	at org.eclipse.m2e.jdt.internal.DownloadSourcesJob.downloadAttachments(DownloadSourcesJob.java:304) [org.eclipse.m2e.jdt_1.16.0.20200610-1500.jar:na]
	at org.eclipse.m2e.jdt.internal.DownloadSourcesJob.downloadMaven(DownloadSourcesJob.java:269) [org.eclipse.m2e.jdt_1.16.0.20200610-1500.jar:na]
	at org.eclipse.m2e.jdt.internal.DownloadSourcesJob.downloadFilesAndPopulateToUpdate(DownloadSourcesJob.java:233) [org.eclipse.m2e.jdt_1.16.0.20200610-1500.jar:na]
	at org.eclipse.m2e.jdt.internal.DownloadSourcesJob.lambda$0(DownloadSourcesJob.java:161) [org.eclipse.m2e.jdt_1.16.0.20200610-1500.jar:na]
	at org.eclipse.m2e.core.internal.embedder.MavenExecutionContext.executeBare(MavenExecutionContext.java:179) ~[org.eclipse.m2e.core_1.16.0.20200605-0817.jar:na]
	at org.eclipse.m2e.core.internal.embedder.MavenExecutionContext.execute(MavenExecutionContext.java:153) ~[org.eclipse.m2e.core_1.16.0.20200605-0817.jar:na]
	at org.eclipse.m2e.core.internal.embedder.MavenExecutionContext.execute(MavenExecutionContext.java:101) ~[org.eclipse.m2e.core_1.16.0.20200605-0817.jar:na]
	at org.eclipse.m2e.core.internal.embedder.MavenImpl.execute(MavenImpl.java:1373) ~[org.eclipse.m2e.core_1.16.0.20200605-0817.jar:na]
	at org.eclipse.m2e.jdt.internal.DownloadSourcesJob.run(DownloadSourcesJob.java:161) [org.eclipse.m2e.jdt_1.16.0.20200610-1500.jar:na]
	at org.eclipse.core.internal.jobs.Worker.run(Worker.java:63) ~[org.eclipse.core.jobs_3.10.800.v20200421-0950.jar:na]
2020-11-04 09:57:22,984 [Worker-24: Building] INFO  o.e.m.c.i.l.LifecycleMappingFactory - Using org.maven.ide.eclipse.wtp.WarLifecycleMapping lifecycle mapping for MavenProject: soapclient:webclient:0.0.1-SNAPSHOT @ D:\Desarrollo_Orientado_Servicios\workspace3\webclient\pom.xml.
2020-11-04 09:57:23,516 [Worker-24: Building] INFO  o.e.m.c.i.embedder.EclipseLogger - Using 'UTF-8' encoding to copy filtered resources.
2020-11-04 09:57:23,517 [Worker-24: Building] INFO  o.e.m.c.i.embedder.EclipseLogger - skip non existing resourceDirectory D:\Desarrollo_Orientado_Servicios\workspace3\webclient\src\main\resources
2020-11-04 09:57:23,521 [Worker-24: Building] INFO  o.e.m.c.i.embedder.EclipseLogger - Using 'UTF-8' encoding to copy filtered resources.
2020-11-04 09:57:23,521 [Worker-24: Building] INFO  o.e.m.c.i.embedder.EclipseLogger - skip non existing resourceDirectory D:\Desarrollo_Orientado_Servicios\workspace3\webclient\src\test\resources
2020-11-04 09:57:23,522 [Worker-24: Building] INFO  o.e.m.w.i.f.ResourceFilteringBuildParticipant - Changed resources require a complete clean of filtered resources of webclient
2020-11-04 09:57:23,523 [Worker-24: Building] INFO  o.e.m.w.i.f.ResourceFilteringBuildParticipant - Executing resource filtering for webclient
2020-11-04 09:57:23,533 [Worker-24: Building] INFO  o.e.m.c.i.embedder.EclipseLogger - Using 'UTF-8' encoding to copy filtered resources.
2020-11-04 09:57:26,634 [Worker-30: Building] INFO  o.e.m.c.i.embedder.EclipseLogger - Using 'UTF-8' encoding to copy filtered resources.
2020-11-04 09:57:26,635 [Worker-30: Building] INFO  o.e.m.c.i.embedder.EclipseLogger - skip non existing resourceDirectory D:\Desarrollo_Orientado_Servicios\workspace3\webclient\src\main\resources
2020-11-04 09:57:26,637 [Worker-30: Building] INFO  o.e.m.c.i.embedder.EclipseLogger - Using 'UTF-8' encoding to copy filtered resources.
2020-11-04 09:57:26,637 [Worker-30: Building] INFO  o.e.m.c.i.embedder.EclipseLogger - skip non existing resourceDirectory D:\Desarrollo_Orientado_Servicios\workspace3\webclient\src\test\resources
2020-11-04 10:02:18,741 [Worker-30: Creating ear-javaee7] INFO  o.e.m.c.i.p.ProjectConfigurationManager - Collecting project info '/pom.xml' D:\Desarrollo_Orientado_Servicios\workspace3\earclient\pom.xml
2020-11-04 10:02:18,973 [Worker-30: Creating ear-javaee7] INFO  o.e.m.c.i.l.LifecycleMappingFactory - Using org.maven.ide.eclipse.wtp.EarLifecycleMapping lifecycle mapping for MavenProject: soapclient:earclient:0.0.1-SNAPSHOT @ D:\Desarrollo_Orientado_Servicios\workspace3\earclient\pom.xml.
2020-11-04 10:02:20,077 [Worker-30: Creating ear-javaee7] INFO  o.e.m.c.i.embedder.EclipseLogger - Generating application.xml
2020-11-04 10:02:20,189 [Worker-30: Creating ear-javaee7] INFO  o.e.m.c.i.p.ProjectConfigurationManager - Imported and configured 1 project(s) in 1 sec
2020-11-04 10:02:20,682 [Worker-30: Building] INFO  o.e.m.c.i.embedder.EclipseLogger - Using 'UTF-8' encoding to copy filtered resources.
2020-11-04 10:02:20,683 [Worker-30: Building] INFO  o.e.m.c.i.embedder.EclipseLogger - skip non existing resourceDirectory D:\Desarrollo_Orientado_Servicios\workspace3\earclient\src\main\resources
2020-11-04 10:03:16,566 [Worker-3: Building] INFO  o.e.m.c.i.l.LifecycleMappingFactory - Using org.maven.ide.eclipse.wtp.EarLifecycleMapping lifecycle mapping for MavenProject: soapclient:earclient:0.0.1-SNAPSHOT @ D:\Desarrollo_Orientado_Servicios\workspace3\earclient\pom.xml.
2020-11-04 10:03:17,295 [Worker-3: Building] INFO  o.e.m.c.i.embedder.EclipseLogger - Generating application.xml
2020-11-04 10:03:17,561 [Worker-3: Building] INFO  o.e.m.w.i.f.ResourceFilteringBuildParticipant - Changed resources require a complete clean of filtered resources of earclient
2020-11-04 10:03:17,561 [Worker-3: Building] INFO  o.e.m.w.i.f.ResourceFilteringBuildParticipant - Executing resource filtering for earclient
2020-11-04 10:03:17,712 [Worker-3: Building] INFO  o.e.m.c.i.embedder.EclipseLogger - Using 'UTF-8' encoding to copy filtered resources.
2020-11-04 10:03:17,717 [Worker-3: Building] INFO  o.e.m.c.i.embedder.EclipseLogger - Using 'UTF-8' encoding to copy filtered resources.
2020-11-04 10:03:17,717 [Worker-3: Building] INFO  o.e.m.c.i.embedder.EclipseLogger - skip non existing resourceDirectory D:\Desarrollo_Orientado_Servicios\workspace3\earclient\src\main\resources
2020-11-04 10:03:40,942 [Worker-30: Building] INFO  o.e.m.c.i.l.LifecycleMappingFactory - Using org.maven.ide.eclipse.wtp.EarLifecycleMapping lifecycle mapping for MavenProject: soapclient:earclient:0.0.1-SNAPSHOT @ D:\Desarrollo_Orientado_Servicios\workspace3\earclient\pom.xml.
2020-11-04 10:03:40,970 [Worker-30: Building] ERROR o.e.m.c.i.p.ProjectConfigurationManager - Artifact[ejb:ustados:ejb_dos] is not a dependency of the project.
org.eclipse.m2e.wtp.earmodules.EarPluginException: Artifact[ejb:ustados:ejb_dos] is not a dependency of the project.
	at org.eclipse.m2e.wtp.earmodules.ArtifactRepository.resolveArtifact(ArtifactRepository.java:138) ~[na:na]
	at org.eclipse.m2e.wtp.earmodules.EarModuleFactory.newEarModule(EarModuleFactory.java:181) ~[na:na]
	at org.eclipse.m2e.wtp.EarPluginConfiguration.getEarModulesFromConfig(EarPluginConfiguration.java:336) ~[na:na]
	at org.eclipse.m2e.wtp.EarPluginConfiguration.collectEarModules(EarPluginConfiguration.java:239) ~[na:na]
	at org.eclipse.m2e.wtp.EarPluginConfiguration.getEarModules(EarPluginConfiguration.java:204) ~[na:na]
	at org.eclipse.m2e.wtp.EarProjectConfiguratorDelegate.setModuleDependencies(EarProjectConfiguratorDelegate.java:188) ~[na:na]
	at org.eclipse.m2e.wtp.WTPProjectConfigurator.mavenProjectChanged(WTPProjectConfigurator.java:94) ~[na:na]
	at org.eclipse.m2e.core.internal.project.ProjectConfigurationManager.mavenProjectChanged(ProjectConfigurationManager.java:1034) ~[org.eclipse.m2e.core_1.16.0.20200605-0817.jar:na]
	at org.eclipse.m2e.core.internal.project.registry.ProjectRegistryManager.notifyProjectChangeListeners(ProjectRegistryManager.java:821) [org.eclipse.m2e.core_1.16.0.20200605-0817.jar:na]
	at org.eclipse.m2e.core.internal.project.registry.ProjectRegistryManager.applyMutableProjectRegistry(ProjectRegistryManager.java:985) [org.eclipse.m2e.core_1.16.0.20200605-0817.jar:na]
	at org.eclipse.m2e.core.internal.project.registry.ProjectRegistryManager.refresh(ProjectRegistryManager.java:314) [org.eclipse.m2e.core_1.16.0.20200605-0817.jar:na]
	at org.eclipse.m2e.core.internal.builder.MavenBuilder$BuildMethod.getProjectFacade(MavenBuilder.java:151) [org.eclipse.m2e.core_1.16.0.20200605-0817.jar:na]
	at org.eclipse.m2e.core.internal.builder.MavenBuilder$BuildMethod.lambda$0(MavenBuilder.java:89) [org.eclipse.m2e.core_1.16.0.20200605-0817.jar:na]
	at org.eclipse.m2e.core.internal.embedder.MavenExecutionContext.executeBare(MavenExecutionContext.java:179) ~[org.eclipse.m2e.core_1.16.0.20200605-0817.jar:na]
	at org.eclipse.m2e.core.internal.embedder.MavenExecutionContext.execute(MavenExecutionContext.java:153) ~[org.eclipse.m2e.core_1.16.0.20200605-0817.jar:na]
	at org.eclipse.m2e.core.internal.embedder.MavenExecutionContext.execute(MavenExecutionContext.java:101) ~[org.eclipse.m2e.core_1.16.0.20200605-0817.jar:na]
	at org.eclipse.m2e.core.internal.builder.MavenBuilder$BuildMethod.execute(MavenBuilder.java:88) [org.eclipse.m2e.core_1.16.0.20200605-0817.jar:na]
	at org.eclipse.m2e.core.internal.builder.MavenBuilder.build(MavenBuilder.java:197) ~[org.eclipse.m2e.core_1.16.0.20200605-0817.jar:na]
	at org.eclipse.core.internal.events.BuildManager$2.run(BuildManager.java:832) ~[org.eclipse.core.resources_3.13.700.v20200209-1624.jar:na]
	at org.eclipse.core.runtime.SafeRunner.run(SafeRunner.java:45) ~[org.eclipse.equinox.common_3.12.0.v20200504-1602.jar:na]
	at org.eclipse.core.internal.events.BuildManager.basicBuild(BuildManager.java:220) ~[org.eclipse.core.resources_3.13.700.v20200209-1624.jar:na]
	at org.eclipse.core.internal.events.BuildManager.basicBuild(BuildManager.java:263) ~[org.eclipse.core.resources_3.13.700.v20200209-1624.jar:na]
	at org.eclipse.core.internal.events.BuildManager$1.run(BuildManager.java:316) ~[org.eclipse.core.resources_3.13.700.v20200209-1624.jar:na]
	at org.eclipse.core.runtime.SafeRunner.run(SafeRunner.java:45) ~[org.eclipse.equinox.common_3.12.0.v20200504-1602.jar:na]
	at org.eclipse.core.internal.events.BuildManager.basicBuild(BuildManager.java:319) ~[org.eclipse.core.resources_3.13.700.v20200209-1624.jar:na]
	at org.eclipse.core.internal.events.BuildManager.basicBuildLoop(BuildManager.java:371) ~[org.eclipse.core.resources_3.13.700.v20200209-1624.jar:na]
	at org.eclipse.core.internal.events.BuildManager.build(BuildManager.java:392) ~[org.eclipse.core.resources_3.13.700.v20200209-1624.jar:na]
	at org.eclipse.core.internal.events.AutoBuildJob.doBuild(AutoBuildJob.java:154) ~[org.eclipse.core.resources_3.13.700.v20200209-1624.jar:na]
	at org.eclipse.core.internal.events.AutoBuildJob.run(AutoBuildJob.java:244) ~[org.eclipse.core.resources_3.13.700.v20200209-1624.jar:na]
	at org.eclipse.core.internal.jobs.Worker.run(Worker.java:63) ~[org.eclipse.core.jobs_3.10.800.v20200421-0950.jar:na]
2020-11-04 10:03:41,018 [Worker-30: Building] INFO  o.e.m.w.i.f.ResourceFilteringBuildParticipant - Changed resources require a complete clean of filtered resources of earclient
2020-11-04 10:03:41,020 [Worker-30: Building] INFO  o.e.m.w.i.f.ResourceFilteringBuildParticipant - Executing resource filtering for earclient
2020-11-04 10:03:41,026 [Worker-30: Building] INFO  o.e.m.c.i.embedder.EclipseLogger - Using 'UTF-8' encoding to copy filtered resources.
2020-11-04 10:03:41,029 [Worker-30: Building] INFO  o.e.m.c.i.embedder.EclipseLogger - Using 'UTF-8' encoding to copy filtered resources.
2020-11-04 10:03:41,030 [Worker-30: Building] INFO  o.e.m.c.i.embedder.EclipseLogger - skip non existing resourceDirectory D:\Desarrollo_Orientado_Servicios\workspace3\earclient\src\main\resources
2020-11-04 10:04:05,447 [Worker-33: reload maven project] INFO  o.e.m.c.i.p.WorkspaceClassifierResolverManager - Resolving P/webclient: soapclient:webclient:0.0.1-SNAPSHOT with classifier  to /webclient/target/classes
2020-11-04 10:04:05,650 [Worker-30: Building] INFO  o.e.m.c.i.l.LifecycleMappingFactory - Using org.maven.ide.eclipse.wtp.EarLifecycleMapping lifecycle mapping for MavenProject: soapclient:earclient:0.0.1-SNAPSHOT @ D:\Desarrollo_Orientado_Servicios\workspace3\earclient\pom.xml.
2020-11-04 10:04:05,653 [Worker-30: Building] INFO  o.e.m.c.i.p.WorkspaceClassifierResolverManager - Resolving P/webclient: soapclient:webclient:0.0.1-SNAPSHOT with classifier  to /webclient/target/classes
2020-11-04 10:04:05,665 [Worker-30: Building] ERROR o.e.m.c.i.p.ProjectConfigurationManager - Artifact[war:ustados:servicessoap] is not a dependency of the project.
org.eclipse.m2e.wtp.earmodules.EarPluginException: Artifact[war:ustados:servicessoap] is not a dependency of the project.
	at org.eclipse.m2e.wtp.earmodules.ArtifactRepository.resolveArtifact(ArtifactRepository.java:138) ~[na:na]
	at org.eclipse.m2e.wtp.earmodules.EarModuleFactory.newEarModule(EarModuleFactory.java:181) ~[na:na]
	at org.eclipse.m2e.wtp.EarPluginConfiguration.getEarModulesFromConfig(EarPluginConfiguration.java:336) ~[na:na]
	at org.eclipse.m2e.wtp.EarPluginConfiguration.collectEarModules(EarPluginConfiguration.java:239) ~[na:na]
	at org.eclipse.m2e.wtp.EarPluginConfiguration.getEarModules(EarPluginConfiguration.java:204) ~[na:na]
	at org.eclipse.m2e.wtp.EarProjectConfiguratorDelegate.setModuleDependencies(EarProjectConfiguratorDelegate.java:188) ~[na:na]
	at org.eclipse.m2e.wtp.WTPProjectConfigurator.mavenProjectChanged(WTPProjectConfigurator.java:94) ~[na:na]
	at org.eclipse.m2e.core.internal.project.ProjectConfigurationManager.mavenProjectChanged(ProjectConfigurationManager.java:1034) ~[org.eclipse.m2e.core_1.16.0.20200605-0817.jar:na]
	at org.eclipse.m2e.core.internal.project.registry.ProjectRegistryManager.notifyProjectChangeListeners(ProjectRegistryManager.java:821) [org.eclipse.m2e.core_1.16.0.20200605-0817.jar:na]
	at org.eclipse.m2e.core.internal.project.registry.ProjectRegistryManager.applyMutableProjectRegistry(ProjectRegistryManager.java:985) [org.eclipse.m2e.core_1.16.0.20200605-0817.jar:na]
	at org.eclipse.m2e.core.internal.project.registry.ProjectRegistryManager.refresh(ProjectRegistryManager.java:314) [org.eclipse.m2e.core_1.16.0.20200605-0817.jar:na]
	at org.eclipse.m2e.core.internal.builder.MavenBuilder$BuildMethod.getProjectFacade(MavenBuilder.java:151) [org.eclipse.m2e.core_1.16.0.20200605-0817.jar:na]
	at org.eclipse.m2e.core.internal.builder.MavenBuilder$BuildMethod.lambda$0(MavenBuilder.java:89) [org.eclipse.m2e.core_1.16.0.20200605-0817.jar:na]
	at org.eclipse.m2e.core.internal.embedder.MavenExecutionContext.executeBare(MavenExecutionContext.java:179) ~[org.eclipse.m2e.core_1.16.0.20200605-0817.jar:na]
	at org.eclipse.m2e.core.internal.embedder.MavenExecutionContext.execute(MavenExecutionContext.java:153) ~[org.eclipse.m2e.core_1.16.0.20200605-0817.jar:na]
	at org.eclipse.m2e.core.internal.embedder.MavenExecutionContext.execute(MavenExecutionContext.java:101) ~[org.eclipse.m2e.core_1.16.0.20200605-0817.jar:na]
	at org.eclipse.m2e.core.internal.builder.MavenBuilder$BuildMethod.execute(MavenBuilder.java:88) [org.eclipse.m2e.core_1.16.0.20200605-0817.jar:na]
	at org.eclipse.m2e.core.internal.builder.MavenBuilder.build(MavenBuilder.java:197) ~[org.eclipse.m2e.core_1.16.0.20200605-0817.jar:na]
	at org.eclipse.core.internal.events.BuildManager$2.run(BuildManager.java:832) ~[org.eclipse.core.resources_3.13.700.v20200209-1624.jar:na]
	at org.eclipse.core.runtime.SafeRunner.run(SafeRunner.java:45) ~[org.eclipse.equinox.common_3.12.0.v20200504-1602.jar:na]
	at org.eclipse.core.internal.events.BuildManager.basicBuild(BuildManager.java:220) ~[org.eclipse.core.resources_3.13.700.v20200209-1624.jar:na]
	at org.eclipse.core.internal.events.BuildManager.basicBuild(BuildManager.java:263) ~[org.eclipse.core.resources_3.13.700.v20200209-1624.jar:na]
	at org.eclipse.core.internal.events.BuildManager$1.run(BuildManager.java:316) ~[org.eclipse.core.resources_3.13.700.v20200209-1624.jar:na]
	at org.eclipse.core.runtime.SafeRunner.run(SafeRunner.java:45) ~[org.eclipse.equinox.common_3.12.0.v20200504-1602.jar:na]
	at org.eclipse.core.internal.events.BuildManager.basicBuild(BuildManager.java:319) ~[org.eclipse.core.resources_3.13.700.v20200209-1624.jar:na]
	at org.eclipse.core.internal.events.BuildManager.basicBuildLoop(BuildManager.java:371) ~[org.eclipse.core.resources_3.13.700.v20200209-1624.jar:na]
	at org.eclipse.core.internal.events.BuildManager.build(BuildManager.java:392) ~[org.eclipse.core.resources_3.13.700.v20200209-1624.jar:na]
	at org.eclipse.core.internal.events.AutoBuildJob.doBuild(AutoBuildJob.java:154) ~[org.eclipse.core.resources_3.13.700.v20200209-1624.jar:na]
	at org.eclipse.core.internal.events.AutoBuildJob.run(AutoBuildJob.java:244) ~[org.eclipse.core.resources_3.13.700.v20200209-1624.jar:na]
	at org.eclipse.core.internal.jobs.Worker.run(Worker.java:63) ~[org.eclipse.core.jobs_3.10.800.v20200421-0950.jar:na]
2020-11-04 10:04:05,682 [Worker-30: Building] INFO  o.e.m.w.i.f.ResourceFilteringBuildParticipant - Changed resources require a complete clean of filtered resources of earclient
2020-11-04 10:04:05,683 [Worker-30: Building] INFO  o.e.m.w.i.f.ResourceFilteringBuildParticipant - Executing resource filtering for earclient
2020-11-04 10:04:05,691 [Worker-30: Building] INFO  o.e.m.c.i.embedder.EclipseLogger - Using 'UTF-8' encoding to copy filtered resources.
2020-11-04 10:04:05,694 [Worker-30: Building] INFO  o.e.m.c.i.embedder.EclipseLogger - Using 'UTF-8' encoding to copy filtered resources.
2020-11-04 10:04:05,694 [Worker-30: Building] INFO  o.e.m.c.i.embedder.EclipseLogger - skip non existing resourceDirectory D:\Desarrollo_Orientado_Servicios\workspace3\earclient\src\main\resources
2020-11-04 10:17:04,951 [Worker-33: reload maven project] INFO  o.e.m.c.i.p.WorkspaceClassifierResolverManager - Resolving P/webclient: soapclient:webclient:0.0.1-SNAPSHOT with classifier  to /webclient/target/classes
2020-11-04 10:17:05,238 [Worker-36: Building] INFO  o.e.m.c.i.l.LifecycleMappingFactory - Using org.maven.ide.eclipse.wtp.EarLifecycleMapping lifecycle mapping for MavenProject: soapclient:earclient:0.0.1-SNAPSHOT @ D:\Desarrollo_Orientado_Servicios\workspace3\earclient\pom.xml.
2020-11-04 10:17:05,240 [Worker-36: Building] INFO  o.e.m.c.i.p.WorkspaceClassifierResolverManager - Resolving P/webclient: soapclient:webclient:0.0.1-SNAPSHOT with classifier  to /webclient/target/classes
2020-11-04 10:17:05,252 [Worker-36: Building] ERROR o.e.m.c.i.p.ProjectConfigurationManager - Artifact[ejb:ustados:ejb_dos] is not a dependency of the project.
org.eclipse.m2e.wtp.earmodules.EarPluginException: Artifact[ejb:ustados:ejb_dos] is not a dependency of the project.
	at org.eclipse.m2e.wtp.earmodules.ArtifactRepository.resolveArtifact(ArtifactRepository.java:138) ~[na:na]
	at org.eclipse.m2e.wtp.earmodules.EarModuleFactory.newEarModule(EarModuleFactory.java:181) ~[na:na]
	at org.eclipse.m2e.wtp.EarPluginConfiguration.getEarModulesFromConfig(EarPluginConfiguration.java:336) ~[na:na]
	at org.eclipse.m2e.wtp.EarPluginConfiguration.collectEarModules(EarPluginConfiguration.java:239) ~[na:na]
	at org.eclipse.m2e.wtp.EarPluginConfiguration.getEarModules(EarPluginConfiguration.java:204) ~[na:na]
	at org.eclipse.m2e.wtp.EarProjectConfiguratorDelegate.setModuleDependencies(EarProjectConfiguratorDelegate.java:188) ~[na:na]
	at org.eclipse.m2e.wtp.WTPProjectConfigurator.mavenProjectChanged(WTPProjectConfigurator.java:94) ~[na:na]
	at org.eclipse.m2e.core.internal.project.ProjectConfigurationManager.mavenProjectChanged(ProjectConfigurationManager.java:1034) ~[org.eclipse.m2e.core_1.16.0.20200605-0817.jar:na]
	at org.eclipse.m2e.core.internal.project.registry.ProjectRegistryManager.notifyProjectChangeListeners(ProjectRegistryManager.java:821) [org.eclipse.m2e.core_1.16.0.20200605-0817.jar:na]
	at org.eclipse.m2e.core.internal.project.registry.ProjectRegistryManager.applyMutableProjectRegistry(ProjectRegistryManager.java:985) [org.eclipse.m2e.core_1.16.0.20200605-0817.jar:na]
	at org.eclipse.m2e.core.internal.project.registry.ProjectRegistryManager.refresh(ProjectRegistryManager.java:314) [org.eclipse.m2e.core_1.16.0.20200605-0817.jar:na]
	at org.eclipse.m2e.core.internal.builder.MavenBuilder$BuildMethod.getProjectFacade(MavenBuilder.java:151) [org.eclipse.m2e.core_1.16.0.20200605-0817.jar:na]
	at org.eclipse.m2e.core.internal.builder.MavenBuilder$BuildMethod.lambda$0(MavenBuilder.java:89) [org.eclipse.m2e.core_1.16.0.20200605-0817.jar:na]
	at org.eclipse.m2e.core.internal.embedder.MavenExecutionContext.executeBare(MavenExecutionContext.java:179) ~[org.eclipse.m2e.core_1.16.0.20200605-0817.jar:na]
	at org.eclipse.m2e.core.internal.embedder.MavenExecutionContext.execute(MavenExecutionContext.java:153) ~[org.eclipse.m2e.core_1.16.0.20200605-0817.jar:na]
	at org.eclipse.m2e.core.internal.embedder.MavenExecutionContext.execute(MavenExecutionContext.java:101) ~[org.eclipse.m2e.core_1.16.0.20200605-0817.jar:na]
	at org.eclipse.m2e.core.internal.builder.MavenBuilder$BuildMethod.execute(MavenBuilder.java:88) [org.eclipse.m2e.core_1.16.0.20200605-0817.jar:na]
	at org.eclipse.m2e.core.internal.builder.MavenBuilder.build(MavenBuilder.java:197) ~[org.eclipse.m2e.core_1.16.0.20200605-0817.jar:na]
	at org.eclipse.core.internal.events.BuildManager$2.run(BuildManager.java:832) ~[org.eclipse.core.resources_3.13.700.v20200209-1624.jar:na]
	at org.eclipse.core.runtime.SafeRunner.run(SafeRunner.java:45) ~[org.eclipse.equinox.common_3.12.0.v20200504-1602.jar:na]
	at org.eclipse.core.internal.events.BuildManager.basicBuild(BuildManager.java:220) ~[org.eclipse.core.resources_3.13.700.v20200209-1624.jar:na]
	at org.eclipse.core.internal.events.BuildManager.basicBuild(BuildManager.java:263) ~[org.eclipse.core.resources_3.13.700.v20200209-1624.jar:na]
	at org.eclipse.core.internal.events.BuildManager$1.run(BuildManager.java:316) ~[org.eclipse.core.resources_3.13.700.v20200209-1624.jar:na]
	at org.eclipse.core.runtime.SafeRunner.run(SafeRunner.java:45) ~[org.eclipse.equinox.common_3.12.0.v20200504-1602.jar:na]
	at org.eclipse.core.internal.events.BuildManager.basicBuild(BuildManager.java:319) ~[org.eclipse.core.resources_3.13.700.v20200209-1624.jar:na]
	at org.eclipse.core.internal.events.BuildManager.basicBuildLoop(BuildManager.java:371) ~[org.eclipse.core.resources_3.13.700.v20200209-1624.jar:na]
	at org.eclipse.core.internal.events.BuildManager.build(BuildManager.java:392) ~[org.eclipse.core.resources_3.13.700.v20200209-1624.jar:na]
	at org.eclipse.core.internal.events.AutoBuildJob.doBuild(AutoBuildJob.java:154) ~[org.eclipse.core.resources_3.13.700.v20200209-1624.jar:na]
	at org.eclipse.core.internal.events.AutoBuildJob.run(AutoBuildJob.java:244) ~[org.eclipse.core.resources_3.13.700.v20200209-1624.jar:na]
	at org.eclipse.core.internal.jobs.Worker.run(Worker.java:63) ~[org.eclipse.core.jobs_3.10.800.v20200421-0950.jar:na]
2020-11-04 10:17:05,269 [Worker-36: Building] INFO  o.e.m.w.i.f.ResourceFilteringBuildParticipant - Changed resources require a complete clean of filtered resources of earclient
2020-11-04 10:17:05,269 [Worker-36: Building] INFO  o.e.m.w.i.f.ResourceFilteringBuildParticipant - Executing resource filtering for earclient
2020-11-04 10:17:05,276 [Worker-36: Building] INFO  o.e.m.c.i.embedder.EclipseLogger - Using 'UTF-8' encoding to copy filtered resources.
2020-11-04 10:17:05,279 [Worker-36: Building] INFO  o.e.m.c.i.embedder.EclipseLogger - Using 'UTF-8' encoding to copy filtered resources.
2020-11-04 10:17:05,279 [Worker-36: Building] INFO  o.e.m.c.i.embedder.EclipseLogger - skip non existing resourceDirectory D:\Desarrollo_Orientado_Servicios\workspace3\earclient\src\main\resources
2020-11-04 10:17:11,753 [Worker-33: reload maven project] INFO  o.e.m.c.i.p.WorkspaceClassifierResolverManager - Resolving P/webclient: soapclient:webclient:0.0.1-SNAPSHOT with classifier  to /webclient/target/classes
2020-11-04 10:17:12,465 [Worker-33: Building] INFO  o.e.m.c.i.l.LifecycleMappingFactory - Using org.maven.ide.eclipse.wtp.EarLifecycleMapping lifecycle mapping for MavenProject: soapclient:earclient:0.0.1-SNAPSHOT @ D:\Desarrollo_Orientado_Servicios\workspace3\earclient\pom.xml.
2020-11-04 10:17:12,468 [Worker-33: Building] INFO  o.e.m.c.i.p.WorkspaceClassifierResolverManager - Resolving P/webclient: soapclient:webclient:0.0.1-SNAPSHOT with classifier  to /webclient/target/classes
2020-11-04 10:17:12,514 [Worker-33: Building] INFO  o.e.m.c.i.p.WorkspaceClassifierResolverManager - Resolving P/webclient: soapclient:webclient:0.0.1-SNAPSHOT with classifier  to /webclient/target/classes
2020-11-04 10:17:12,930 [Worker-33: Building] INFO  o.e.m.c.i.embedder.EclipseLogger - Generating application.xml
2020-11-04 10:17:13,056 [Worker-33: Building] INFO  o.e.m.w.i.f.ResourceFilteringBuildParticipant - Changed resources require a complete clean of filtered resources of earclient
2020-11-04 10:17:13,057 [Worker-33: Building] INFO  o.e.m.w.i.f.ResourceFilteringBuildParticipant - Executing resource filtering for earclient
2020-11-04 10:17:13,062 [Worker-33: Building] INFO  o.e.m.c.i.embedder.EclipseLogger - Using 'UTF-8' encoding to copy filtered resources.
2020-11-04 10:17:13,068 [Worker-33: Building] INFO  o.e.m.c.i.embedder.EclipseLogger - Using 'UTF-8' encoding to copy filtered resources.
2020-11-04 10:17:13,068 [Worker-33: Building] INFO  o.e.m.c.i.embedder.EclipseLogger - skip non existing resourceDirectory D:\Desarrollo_Orientado_Servicios\workspace3\earclient\src\main\resources
2020-11-04 10:20:25,903 [Worker-39: Updating Maven Project] INFO  o.e.m.c.i.p.ProjectConfigurationManager - Update started
2020-11-04 10:20:26,461 [Worker-39: Updating Maven Project] INFO  o.e.m.c.i.l.LifecycleMappingFactory - Using org.maven.ide.eclipse.wtp.WarLifecycleMapping lifecycle mapping for MavenProject: soapclient:webclient:0.0.1-SNAPSHOT @ D:\Desarrollo_Orientado_Servicios\workspace3\webclient\pom.xml.
2020-11-04 10:20:27,002 [Worker-39: Updating Maven Project] INFO  o.e.m.c.i.l.LifecycleMappingFactory - Using org.maven.ide.eclipse.wtp.EarLifecycleMapping lifecycle mapping for MavenProject: soapclient:earclient:0.0.1-SNAPSHOT @ D:\Desarrollo_Orientado_Servicios\workspace3\earclient\pom.xml.
2020-11-04 10:20:27,006 [Worker-39: Updating Maven Project] INFO  o.e.m.c.i.p.WorkspaceClassifierResolverManager - Resolving P/webclient: soapclient:webclient:0.0.1-SNAPSHOT with classifier  to /webclient/target/classes
2020-11-04 10:20:28,280 [Worker-39: Updating Maven Project] INFO  o.e.m.c.i.embedder.EclipseLogger - Generating application.xml
2020-11-04 10:20:28,803 [Worker-39: Updating Maven Project] INFO  o.e.m.c.i.embedder.EclipseLogger - Generating application.xml
2020-11-04 10:20:29,018 [Worker-39: Updating Maven Project] INFO  o.e.m.j.i.AbstractJavaProjectConfigurator - Adding source folder /webclient/src/main/java
2020-11-04 10:20:29,018 [Worker-39: Updating Maven Project] INFO  o.e.m.j.i.AbstractJavaProjectConfigurator - Adding source folder /webclient/src/test/java
2020-11-04 10:20:30,942 [Worker-39: Updating Maven Project] INFO  o.e.m.c.i.embedder.EclipseLogger - Using 'UTF-8' encoding to copy filtered resources.
2020-11-04 10:20:30,942 [Worker-39: Updating Maven Project] INFO  o.e.m.c.i.embedder.EclipseLogger - skip non existing resourceDirectory D:\Desarrollo_Orientado_Servicios\workspace3\webclient\src\main\resources
2020-11-04 10:20:30,945 [Worker-39: Updating Maven Project] INFO  o.e.m.c.i.embedder.EclipseLogger - Using 'UTF-8' encoding to copy filtered resources.
2020-11-04 10:20:30,945 [Worker-39: Updating Maven Project] INFO  o.e.m.c.i.embedder.EclipseLogger - skip non existing resourceDirectory D:\Desarrollo_Orientado_Servicios\workspace3\webclient\src\test\resources
2020-11-04 10:20:30,946 [Worker-39: Updating Maven Project] INFO  o.e.m.w.i.f.ResourceFilteringBuildParticipant - Changed resources require a complete clean of filtered resources of webclient
2020-11-04 10:20:30,946 [Worker-39: Updating Maven Project] INFO  o.e.m.w.i.f.ResourceFilteringBuildParticipant - Executing resource filtering for webclient
2020-11-04 10:20:30,953 [Worker-39: Updating Maven Project] INFO  o.e.m.c.i.embedder.EclipseLogger - Using 'UTF-8' encoding to copy filtered resources.
2020-11-04 10:20:31,123 [Worker-39: Updating Maven Project] INFO  o.e.m.w.i.f.ResourceFilteringBuildParticipant - Cleaning filtered folder for earclient
2020-11-04 10:20:31,152 [Worker-39: Updating Maven Project] INFO  o.e.m.w.i.f.ResourceFilteringBuildParticipant - Cleaning filtered folder for webclient
2020-11-04 10:20:31,156 [Worker-39: Updating Maven Project] INFO  o.e.m.c.i.p.ProjectConfigurationManager - Update completed: 5 sec
2020-11-04 10:20:31,409 [Worker-41: Building] INFO  o.e.m.c.i.p.WorkspaceClassifierResolverManager - Resolving P/webclient: soapclient:webclient:0.0.1-SNAPSHOT with classifier  to /webclient/target/classes
2020-11-04 10:20:31,412 [Worker-41: Building] INFO  o.e.m.w.i.f.ResourceFilteringBuildParticipant - Changed resources require a complete clean of filtered resources of earclient
2020-11-04 10:20:31,412 [Worker-41: Building] INFO  o.e.m.w.i.f.ResourceFilteringBuildParticipant - Executing resource filtering for earclient
2020-11-04 10:20:31,429 [Worker-41: Building] INFO  o.e.m.c.i.embedder.EclipseLogger - Using 'UTF-8' encoding to copy filtered resources.
2020-11-04 10:20:31,441 [Worker-41: Building] INFO  o.e.m.c.i.embedder.EclipseLogger - Generating application.xml
2020-11-04 10:20:31,481 [Worker-41: Building] INFO  o.e.m.c.i.embedder.EclipseLogger - Using 'UTF-8' encoding to copy filtered resources.
2020-11-04 10:20:31,481 [Worker-41: Building] INFO  o.e.m.c.i.embedder.EclipseLogger - skip non existing resourceDirectory D:\Desarrollo_Orientado_Servicios\workspace3\earclient\src\main\resources
2020-11-04 10:20:32,049 [Worker-41: Building] INFO  o.e.m.c.i.embedder.EclipseLogger - Using 'UTF-8' encoding to copy filtered resources.
2020-11-04 10:20:32,050 [Worker-41: Building] INFO  o.e.m.c.i.embedder.EclipseLogger - skip non existing resourceDirectory D:\Desarrollo_Orientado_Servicios\workspace3\webclient\src\main\resources
2020-11-04 10:20:32,051 [Worker-41: Building] INFO  o.e.m.c.i.embedder.EclipseLogger - Using 'UTF-8' encoding to copy filtered resources.
2020-11-04 10:20:32,051 [Worker-41: Building] INFO  o.e.m.c.i.embedder.EclipseLogger - skip non existing resourceDirectory D:\Desarrollo_Orientado_Servicios\workspace3\webclient\src\test\resources
2020-11-04 10:20:32,052 [Worker-41: Building] INFO  o.e.m.w.i.f.ResourceFilteringBuildParticipant - Changed resources require a complete clean of filtered resources of webclient
2020-11-04 10:20:32,053 [Worker-41: Building] INFO  o.e.m.w.i.f.ResourceFilteringBuildParticipant - Executing resource filtering for webclient
2020-11-04 10:20:32,058 [Worker-41: Building] INFO  o.e.m.c.i.embedder.EclipseLogger - Using 'UTF-8' encoding to copy filtered resources.
2020-11-04 10:23:07,829 [Worker-42: Building] INFO  o.e.m.c.i.embedder.EclipseLogger - Using 'UTF-8' encoding to copy filtered resources.
2020-11-04 10:23:07,830 [Worker-42: Building] INFO  o.e.m.c.i.embedder.EclipseLogger - skip non existing resourceDirectory D:\Desarrollo_Orientado_Servicios\workspace3\webclient\src\main\resources
2020-11-04 10:23:07,831 [Worker-42: Building] INFO  o.e.m.c.i.embedder.EclipseLogger - Using 'UTF-8' encoding to copy filtered resources.
2020-11-04 10:23:07,831 [Worker-42: Building] INFO  o.e.m.c.i.embedder.EclipseLogger - skip non existing resourceDirectory D:\Desarrollo_Orientado_Servicios\workspace3\webclient\src\test\resources
2020-11-04 10:23:22,542 [Worker-37: Launching webcllient] INFO  o.e.m.i.launch.MavenLaunchDelegate - D:\Desarrollo_Orientado_Servicios\workspace3\webclient
2020-11-04 10:23:22,542 [Worker-37: Launching webcllient] INFO  o.e.m.i.launch.MavenLaunchDelegate -  mvn -B clean install -e
2020-11-04 10:24:14,481 [Worker-42: Launching earclient] INFO  o.e.m.i.launch.MavenLaunchDelegate - D:\Desarrollo_Orientado_Servicios\workspace3\earclient
2020-11-04 10:24:14,482 [Worker-42: Launching earclient] INFO  o.e.m.i.launch.MavenLaunchDelegate -  mvn -B clean install -e
2020-11-04 10:26:24,112 [Worker-41: Building] INFO  o.e.m.c.i.embedder.EclipseLogger - Using 'UTF-8' encoding to copy filtered resources.
2020-11-04 10:26:24,112 [Worker-41: Building] INFO  o.e.m.c.i.embedder.EclipseLogger - skip non existing resourceDirectory D:\Desarrollo_Orientado_Servicios\workspace3\webclient\src\main\resources
2020-11-04 10:26:24,122 [Worker-41: Building] INFO  o.e.m.c.i.embedder.EclipseLogger - Using 'UTF-8' encoding to copy filtered resources.
2020-11-04 10:26:24,122 [Worker-41: Building] INFO  o.e.m.c.i.embedder.EclipseLogger - skip non existing resourceDirectory D:\Desarrollo_Orientado_Servicios\workspace3\webclient\src\test\resources
2020-11-04 10:42:35,565 [Worker-52: Updating Maven Project] INFO  o.e.m.c.i.p.ProjectConfigurationManager - Update started
2020-11-04 10:42:43,583 [Worker-52: Updating Maven Project] INFO  o.e.m.c.i.l.LifecycleMappingFactory - Using org.maven.ide.eclipse.wtp.WarLifecycleMapping lifecycle mapping for MavenProject: soapclient:webclient:0.0.1-SNAPSHOT @ D:\Desarrollo_Orientado_Servicios\workspace3\webclient\pom.xml.
2020-11-04 10:42:45,260 [Worker-52: Updating Maven Project] INFO  o.e.m.c.i.l.LifecycleMappingFactory - Using org.maven.ide.eclipse.wtp.EarLifecycleMapping lifecycle mapping for MavenProject: soapclient:earclient:0.0.1-SNAPSHOT @ D:\Desarrollo_Orientado_Servicios\workspace3\earclient\pom.xml.
2020-11-04 10:42:45,263 [Worker-52: Updating Maven Project] INFO  o.e.m.c.i.p.WorkspaceClassifierResolverManager - Resolving P/webclient: soapclient:webclient:0.0.1-SNAPSHOT with classifier  to /webclient/target/classes
2020-11-04 10:42:47,876 [Worker-52: Updating Maven Project] INFO  o.e.m.c.i.embedder.EclipseLogger - Generating application.xml
2020-11-04 10:42:53,257 [Worker-52: Updating Maven Project] INFO  o.e.m.c.i.embedder.EclipseLogger - Generating application.xml
2020-11-04 10:42:53,928 [Worker-52: Updating Maven Project] INFO  o.e.m.j.i.AbstractJavaProjectConfigurator - Adding source folder /webclient/src/main/java
2020-11-04 10:42:53,929 [Worker-52: Updating Maven Project] INFO  o.e.m.j.i.AbstractJavaProjectConfigurator - Adding source folder /webclient/src/test/java
2020-11-04 10:42:55,266 [Worker-52: Updating Maven Project] INFO  o.e.m.c.i.embedder.EclipseLogger - Using 'UTF-8' encoding to copy filtered resources.
2020-11-04 10:42:55,266 [Worker-52: Updating Maven Project] INFO  o.e.m.c.i.embedder.EclipseLogger - skip non existing resourceDirectory D:\Desarrollo_Orientado_Servicios\workspace3\webclient\src\main\resources
2020-11-04 10:42:55,268 [Worker-52: Updating Maven Project] INFO  o.e.m.c.i.embedder.EclipseLogger - Using 'UTF-8' encoding to copy filtered resources.
2020-11-04 10:42:55,268 [Worker-52: Updating Maven Project] INFO  o.e.m.c.i.embedder.EclipseLogger - skip non existing resourceDirectory D:\Desarrollo_Orientado_Servicios\workspace3\webclient\src\test\resources
2020-11-04 10:42:55,269 [Worker-52: Updating Maven Project] INFO  o.e.m.w.i.f.ResourceFilteringBuildParticipant - Changed resources require a complete clean of filtered resources of webclient
2020-11-04 10:42:55,269 [Worker-52: Updating Maven Project] INFO  o.e.m.w.i.f.ResourceFilteringBuildParticipant - Executing resource filtering for webclient
2020-11-04 10:42:55,273 [Worker-52: Updating Maven Project] INFO  o.e.m.c.i.embedder.EclipseLogger - Using 'UTF-8' encoding to copy filtered resources.
2020-11-04 10:42:55,403 [Worker-52: Updating Maven Project] INFO  o.e.m.w.i.f.ResourceFilteringBuildParticipant - Cleaning filtered folder for earclient
2020-11-04 10:42:55,425 [Worker-52: Updating Maven Project] INFO  o.e.m.w.i.f.ResourceFilteringBuildParticipant - Cleaning filtered folder for webclient
2020-11-04 10:42:55,432 [Worker-52: Updating Maven Project] INFO  o.e.m.c.i.p.ProjectConfigurationManager - Update completed: 19 sec
2020-11-04 10:42:55,696 [Worker-55: Building] INFO  o.e.m.c.i.p.WorkspaceClassifierResolverManager - Resolving P/webclient: soapclient:webclient:0.0.1-SNAPSHOT with classifier  to /webclient/target/classes
2020-11-04 10:42:55,698 [Worker-55: Building] INFO  o.e.m.w.i.f.ResourceFilteringBuildParticipant - Changed resources require a complete clean of filtered resources of earclient
2020-11-04 10:42:55,699 [Worker-55: Building] INFO  o.e.m.w.i.f.ResourceFilteringBuildParticipant - Executing resource filtering for earclient
2020-11-04 10:42:55,708 [Worker-55: Building] INFO  o.e.m.c.i.embedder.EclipseLogger - Using 'UTF-8' encoding to copy filtered resources.
2020-11-04 10:42:55,729 [Worker-55: Building] INFO  o.e.m.c.i.embedder.EclipseLogger - Generating application.xml
2020-11-04 10:42:55,778 [Worker-55: Building] INFO  o.e.m.c.i.embedder.EclipseLogger - Using 'UTF-8' encoding to copy filtered resources.
2020-11-04 10:42:55,779 [Worker-55: Building] INFO  o.e.m.c.i.embedder.EclipseLogger - skip non existing resourceDirectory D:\Desarrollo_Orientado_Servicios\workspace3\earclient\src\main\resources
2020-11-04 10:42:56,824 [Worker-55: Building] INFO  o.e.m.c.i.embedder.EclipseLogger - Using 'UTF-8' encoding to copy filtered resources.
2020-11-04 10:42:56,826 [Worker-55: Building] INFO  o.e.m.c.i.embedder.EclipseLogger - skip non existing resourceDirectory D:\Desarrollo_Orientado_Servicios\workspace3\webclient\src\main\resources
2020-11-04 10:42:56,828 [Worker-55: Building] INFO  o.e.m.c.i.embedder.EclipseLogger - Using 'UTF-8' encoding to copy filtered resources.
2020-11-04 10:42:56,828 [Worker-55: Building] INFO  o.e.m.c.i.embedder.EclipseLogger - skip non existing resourceDirectory D:\Desarrollo_Orientado_Servicios\workspace3\webclient\src\test\resources
2020-11-04 10:42:56,829 [Worker-55: Building] INFO  o.e.m.w.i.f.ResourceFilteringBuildParticipant - Changed resources require a complete clean of filtered resources of webclient
2020-11-04 10:42:56,829 [Worker-55: Building] INFO  o.e.m.w.i.f.ResourceFilteringBuildParticipant - Executing resource filtering for webclient
2020-11-04 10:42:56,834 [Worker-55: Building] INFO  o.e.m.c.i.embedder.EclipseLogger - Using 'UTF-8' encoding to copy filtered resources.
2020-11-04 10:45:41,143 [Worker-59: Launching earclient] INFO  o.e.m.i.launch.MavenLaunchDelegate - D:\Desarrollo_Orientado_Servicios\workspace3\earclient
2020-11-04 10:45:41,143 [Worker-59: Launching earclient] INFO  o.e.m.i.launch.MavenLaunchDelegate -  mvn -B clean install -e
2020-11-04 10:48:45,684 [Worker-65: Launching webcllient] INFO  o.e.m.i.launch.MavenLaunchDelegate - D:\Desarrollo_Orientado_Servicios\workspace3\webclient
2020-11-04 10:48:45,685 [Worker-65: Launching webcllient] INFO  o.e.m.i.launch.MavenLaunchDelegate -  mvn -B clean install -e
2020-11-04 10:49:43,137 [Worker-55: Launching earclient] INFO  o.e.m.i.launch.MavenLaunchDelegate - D:\Desarrollo_Orientado_Servicios\workspace3\earclient
2020-11-04 10:49:43,138 [Worker-55: Launching earclient] INFO  o.e.m.i.launch.MavenLaunchDelegate -  mvn -B clean install -e
2020-11-04 11:00:57,114 [Worker-67: Building] INFO  o.e.m.c.i.embedder.EclipseLogger - Using 'UTF-8' encoding to copy filtered resources.
2020-11-04 11:00:57,115 [Worker-67: Building] INFO  o.e.m.c.i.embedder.EclipseLogger - skip non existing resourceDirectory D:\Desarrollo_Orientado_Servicios\workspace3\webclient\src\main\resources
2020-11-04 11:00:57,116 [Worker-67: Building] INFO  o.e.m.c.i.embedder.EclipseLogger - Using 'UTF-8' encoding to copy filtered resources.
2020-11-04 11:00:57,116 [Worker-67: Building] INFO  o.e.m.c.i.embedder.EclipseLogger - skip non existing resourceDirectory D:\Desarrollo_Orientado_Servicios\workspace3\webclient\src\test\resources
2020-11-04 11:02:24,056 [Worker-68: Building] INFO  o.e.m.c.i.embedder.EclipseLogger - Using 'UTF-8' encoding to copy filtered resources.
2020-11-04 11:02:24,056 [Worker-68: Building] INFO  o.e.m.c.i.embedder.EclipseLogger - skip non existing resourceDirectory D:\Desarrollo_Orientado_Servicios\workspace3\webclient\src\main\resources
2020-11-04 11:02:24,058 [Worker-68: Building] INFO  o.e.m.c.i.embedder.EclipseLogger - Using 'UTF-8' encoding to copy filtered resources.
2020-11-04 11:02:24,058 [Worker-68: Building] INFO  o.e.m.c.i.embedder.EclipseLogger - skip non existing resourceDirectory D:\Desarrollo_Orientado_Servicios\workspace3\webclient\src\test\resources
2020-11-04 11:07:41,103 [main] INFO  o.e.m.c.i.embedder.EclipseLogger - Using 'UTF-8' encoding to copy filtered resources.
2020-11-04 11:07:41,104 [main] INFO  o.e.m.c.i.embedder.EclipseLogger - skip non existing resourceDirectory D:\Desarrollo_Orientado_Servicios\workspace3\webclient\src\main\resources
2020-11-04 11:07:41,105 [main] INFO  o.e.m.c.i.embedder.EclipseLogger - Using 'UTF-8' encoding to copy filtered resources.
2020-11-04 11:07:41,106 [main] INFO  o.e.m.c.i.embedder.EclipseLogger - skip non existing resourceDirectory D:\Desarrollo_Orientado_Servicios\workspace3\webclient\src\test\resources
2020-11-04 11:07:41,106 [main] INFO  o.e.m.w.i.f.ResourceFilteringBuildParticipant - Changed resources require a complete clean of filtered resources of webclient
2020-11-04 11:07:41,106 [main] INFO  o.e.m.w.i.f.ResourceFilteringBuildParticipant - Executing resource filtering for webclient
2020-11-04 11:07:41,192 [main] INFO  o.e.m.c.i.embedder.EclipseLogger - Using 'UTF-8' encoding to copy filtered resources.
2020-11-04 11:07:41,962 [main] INFO  o.e.m.c.i.embedder.EclipseLogger - Using 'UTF-8' encoding to copy filtered resources.
2020-11-04 11:07:41,963 [main] INFO  o.e.m.c.i.embedder.EclipseLogger - skip non existing resourceDirectory D:\Desarrollo_Orientado_Servicios\workspace3\webclient\src\main\resources
2020-11-04 11:07:41,965 [main] INFO  o.e.m.c.i.embedder.EclipseLogger - Using 'UTF-8' encoding to copy filtered resources.
2020-11-04 11:07:41,965 [main] INFO  o.e.m.c.i.embedder.EclipseLogger - skip non existing resourceDirectory D:\Desarrollo_Orientado_Servicios\workspace3\webclient\src\test\resources
2020-11-04 11:08:25,436 [main] INFO  o.e.m.c.i.embedder.EclipseLogger - Using 'UTF-8' encoding to copy filtered resources.
2020-11-04 11:08:25,436 [main] INFO  o.e.m.c.i.embedder.EclipseLogger - skip non existing resourceDirectory D:\Desarrollo_Orientado_Servicios\workspace3\webclient\src\main\resources
2020-11-04 11:08:25,438 [main] INFO  o.e.m.c.i.embedder.EclipseLogger - Using 'UTF-8' encoding to copy filtered resources.
2020-11-04 11:08:25,438 [main] INFO  o.e.m.c.i.embedder.EclipseLogger - skip non existing resourceDirectory D:\Desarrollo_Orientado_Servicios\workspace3\webclient\src\test\resources
2020-11-04 11:13:36,680 [Worker-71: Building] INFO  o.e.m.c.i.embedder.EclipseLogger - Using 'UTF-8' encoding to copy filtered resources.
2020-11-04 11:13:36,680 [Worker-71: Building] INFO  o.e.m.c.i.embedder.EclipseLogger - skip non existing resourceDirectory D:\Desarrollo_Orientado_Servicios\workspace3\webclient\src\main\resources
2020-11-04 11:13:36,681 [Worker-71: Building] INFO  o.e.m.c.i.embedder.EclipseLogger - Using 'UTF-8' encoding to copy filtered resources.
2020-11-04 11:13:36,682 [Worker-71: Building] INFO  o.e.m.c.i.embedder.EclipseLogger - skip non existing resourceDirectory D:\Desarrollo_Orientado_Servicios\workspace3\webclient\src\test\resources
2020-11-04 11:15:08,493 [Worker-73: Building] INFO  o.e.m.c.i.embedder.EclipseLogger - Using 'UTF-8' encoding to copy filtered resources.
2020-11-04 11:15:08,493 [Worker-73: Building] INFO  o.e.m.c.i.embedder.EclipseLogger - skip non existing resourceDirectory D:\Desarrollo_Orientado_Servicios\workspace3\webclient\src\main\resources
2020-11-04 11:15:08,495 [Worker-73: Building] INFO  o.e.m.c.i.embedder.EclipseLogger - Using 'UTF-8' encoding to copy filtered resources.
2020-11-04 11:15:08,495 [Worker-73: Building] INFO  o.e.m.c.i.embedder.EclipseLogger - skip non existing resourceDirectory D:\Desarrollo_Orientado_Servicios\workspace3\webclient\src\test\resources
2020-11-04 11:18:43,775 [Worker-70: Building] INFO  o.e.m.c.i.embedder.EclipseLogger - Using 'UTF-8' encoding to copy filtered resources.
2020-11-04 11:18:43,775 [Worker-70: Building] INFO  o.e.m.c.i.embedder.EclipseLogger - skip non existing resourceDirectory D:\Desarrollo_Orientado_Servicios\workspace3\webclient\src\main\resources
2020-11-04 11:18:43,777 [Worker-70: Building] INFO  o.e.m.c.i.embedder.EclipseLogger - Using 'UTF-8' encoding to copy filtered resources.
2020-11-04 11:18:43,777 [Worker-70: Building] INFO  o.e.m.c.i.embedder.EclipseLogger - skip non existing resourceDirectory D:\Desarrollo_Orientado_Servicios\workspace3\webclient\src\test\resources
2020-11-04 11:19:07,641 [Worker-73: Building] INFO  o.e.m.c.i.embedder.EclipseLogger - Using 'UTF-8' encoding to copy filtered resources.
2020-11-04 11:19:07,641 [Worker-73: Building] INFO  o.e.m.c.i.embedder.EclipseLogger - skip non existing resourceDirectory D:\Desarrollo_Orientado_Servicios\workspace3\webclient\src\main\resources
2020-11-04 11:19:07,643 [Worker-73: Building] INFO  o.e.m.c.i.embedder.EclipseLogger - Using 'UTF-8' encoding to copy filtered resources.
2020-11-04 11:19:07,643 [Worker-73: Building] INFO  o.e.m.c.i.embedder.EclipseLogger - skip non existing resourceDirectory D:\Desarrollo_Orientado_Servicios\workspace3\webclient\src\test\resources
2020-11-04 11:19:22,605 [Worker-80: Building] INFO  o.e.m.c.i.embedder.EclipseLogger - Using 'UTF-8' encoding to copy filtered resources.
2020-11-04 11:19:22,605 [Worker-80: Building] INFO  o.e.m.c.i.embedder.EclipseLogger - skip non existing resourceDirectory D:\Desarrollo_Orientado_Servicios\workspace3\webclient\src\main\resources
2020-11-04 11:19:22,607 [Worker-80: Building] INFO  o.e.m.c.i.embedder.EclipseLogger - Using 'UTF-8' encoding to copy filtered resources.
2020-11-04 11:19:22,607 [Worker-80: Building] INFO  o.e.m.c.i.embedder.EclipseLogger - skip non existing resourceDirectory D:\Desarrollo_Orientado_Servicios\workspace3\webclient\src\test\resources
2020-11-04 11:22:47,281 [Worker-82: Building] INFO  o.e.m.c.i.embedder.EclipseLogger - Using 'UTF-8' encoding to copy filtered resources.
2020-11-04 11:22:47,281 [Worker-82: Building] INFO  o.e.m.c.i.embedder.EclipseLogger - skip non existing resourceDirectory D:\Desarrollo_Orientado_Servicios\workspace3\webclient\src\main\resources
2020-11-04 11:22:47,282 [Worker-82: Building] INFO  o.e.m.c.i.embedder.EclipseLogger - Using 'UTF-8' encoding to copy filtered resources.
2020-11-04 11:22:47,283 [Worker-82: Building] INFO  o.e.m.c.i.embedder.EclipseLogger - skip non existing resourceDirectory D:\Desarrollo_Orientado_Servicios\workspace3\webclient\src\test\resources
2020-11-04 11:25:53,977 [Worker-84: Building] INFO  o.e.m.c.i.embedder.EclipseLogger - Using 'UTF-8' encoding to copy filtered resources.
2020-11-04 11:25:53,978 [Worker-84: Building] INFO  o.e.m.c.i.embedder.EclipseLogger - skip non existing resourceDirectory D:\Desarrollo_Orientado_Servicios\workspace3\webclient\src\main\resources
2020-11-04 11:25:53,979 [Worker-84: Building] INFO  o.e.m.c.i.embedder.EclipseLogger - Using 'UTF-8' encoding to copy filtered resources.
2020-11-04 11:25:53,979 [Worker-84: Building] INFO  o.e.m.c.i.embedder.EclipseLogger - skip non existing resourceDirectory D:\Desarrollo_Orientado_Servicios\workspace3\webclient\src\test\resources
2020-11-04 11:27:33,573 [Worker-91: Building] INFO  o.e.m.c.i.embedder.EclipseLogger - Using 'UTF-8' encoding to copy filtered resources.
2020-11-04 11:27:33,574 [Worker-91: Building] INFO  o.e.m.c.i.embedder.EclipseLogger - skip non existing resourceDirectory D:\Desarrollo_Orientado_Servicios\workspace3\webclient\src\main\resources
2020-11-04 11:27:33,575 [Worker-91: Building] INFO  o.e.m.c.i.embedder.EclipseLogger - Using 'UTF-8' encoding to copy filtered resources.
2020-11-04 11:27:33,575 [Worker-91: Building] INFO  o.e.m.c.i.embedder.EclipseLogger - skip non existing resourceDirectory D:\Desarrollo_Orientado_Servicios\workspace3\webclient\src\test\resources
2020-11-04 11:28:20,259 [Worker-90: Building] INFO  o.e.m.c.i.embedder.EclipseLogger - Using 'UTF-8' encoding to copy filtered resources.
2020-11-04 11:28:20,259 [Worker-90: Building] INFO  o.e.m.c.i.embedder.EclipseLogger - skip non existing resourceDirectory D:\Desarrollo_Orientado_Servicios\workspace3\webclient\src\main\resources
2020-11-04 11:28:20,262 [Worker-90: Building] INFO  o.e.m.c.i.embedder.EclipseLogger - Using 'UTF-8' encoding to copy filtered resources.
2020-11-04 11:28:20,262 [Worker-90: Building] INFO  o.e.m.c.i.embedder.EclipseLogger - skip non existing resourceDirectory D:\Desarrollo_Orientado_Servicios\workspace3\webclient\src\test\resources
2020-11-04 11:30:44,331 [Worker-93: Building] INFO  o.e.m.c.i.embedder.EclipseLogger - Using 'UTF-8' encoding to copy filtered resources.
2020-11-04 11:30:44,331 [Worker-93: Building] INFO  o.e.m.c.i.embedder.EclipseLogger - skip non existing resourceDirectory D:\Desarrollo_Orientado_Servicios\workspace3\webclient\src\main\resources
2020-11-04 11:30:44,333 [Worker-93: Building] INFO  o.e.m.c.i.embedder.EclipseLogger - Using 'UTF-8' encoding to copy filtered resources.
2020-11-04 11:30:44,333 [Worker-93: Building] INFO  o.e.m.c.i.embedder.EclipseLogger - skip non existing resourceDirectory D:\Desarrollo_Orientado_Servicios\workspace3\webclient\src\test\resources
2020-11-04 11:31:22,620 [Worker-96: Building] INFO  o.e.m.c.i.embedder.EclipseLogger - Using 'UTF-8' encoding to copy filtered resources.
2020-11-04 11:31:22,620 [Worker-96: Building] INFO  o.e.m.c.i.embedder.EclipseLogger - skip non existing resourceDirectory D:\Desarrollo_Orientado_Servicios\workspace3\webclient\src\main\resources
2020-11-04 11:31:22,622 [Worker-96: Building] INFO  o.e.m.c.i.embedder.EclipseLogger - Using 'UTF-8' encoding to copy filtered resources.
2020-11-04 11:31:22,622 [Worker-96: Building] INFO  o.e.m.c.i.embedder.EclipseLogger - skip non existing resourceDirectory D:\Desarrollo_Orientado_Servicios\workspace3\webclient\src\test\resources
2020-11-04 11:31:50,406 [Worker-96: Building] INFO  o.e.m.c.i.embedder.EclipseLogger - Using 'UTF-8' encoding to copy filtered resources.
2020-11-04 11:31:50,407 [Worker-96: Building] INFO  o.e.m.c.i.embedder.EclipseLogger - skip non existing resourceDirectory D:\Desarrollo_Orientado_Servicios\workspace3\webclient\src\main\resources
2020-11-04 11:31:50,408 [Worker-96: Building] INFO  o.e.m.c.i.embedder.EclipseLogger - Using 'UTF-8' encoding to copy filtered resources.
2020-11-04 11:31:50,408 [Worker-96: Building] INFO  o.e.m.c.i.embedder.EclipseLogger - skip non existing resourceDirectory D:\Desarrollo_Orientado_Servicios\workspace3\webclient\src\test\resources
2020-11-04 11:31:58,660 [Worker-95: Building] INFO  o.e.m.c.i.embedder.EclipseLogger - Using 'UTF-8' encoding to copy filtered resources.
2020-11-04 11:31:58,660 [Worker-95: Building] INFO  o.e.m.c.i.embedder.EclipseLogger - skip non existing resourceDirectory D:\Desarrollo_Orientado_Servicios\workspace3\webclient\src\main\resources
2020-11-04 11:31:58,663 [Worker-95: Building] INFO  o.e.m.c.i.embedder.EclipseLogger - Using 'UTF-8' encoding to copy filtered resources.
2020-11-04 11:31:58,663 [Worker-95: Building] INFO  o.e.m.c.i.embedder.EclipseLogger - skip non existing resourceDirectory D:\Desarrollo_Orientado_Servicios\workspace3\webclient\src\test\resources
2020-11-04 11:35:39,088 [Worker-96: Building] INFO  o.e.m.c.i.embedder.EclipseLogger - Using 'UTF-8' encoding to copy filtered resources.
2020-11-04 11:35:39,088 [Worker-96: Building] INFO  o.e.m.c.i.embedder.EclipseLogger - skip non existing resourceDirectory D:\Desarrollo_Orientado_Servicios\workspace3\webclient\src\main\resources
2020-11-04 11:35:39,089 [Worker-96: Building] INFO  o.e.m.c.i.embedder.EclipseLogger - Using 'UTF-8' encoding to copy filtered resources.
2020-11-04 11:35:39,089 [Worker-96: Building] INFO  o.e.m.c.i.embedder.EclipseLogger - skip non existing resourceDirectory D:\Desarrollo_Orientado_Servicios\workspace3\webclient\src\test\resources
2020-11-04 11:37:18,312 [Worker-99: Building] INFO  o.e.m.c.i.embedder.EclipseLogger - Using 'UTF-8' encoding to copy filtered resources.
2020-11-04 11:37:18,312 [Worker-99: Building] INFO  o.e.m.c.i.embedder.EclipseLogger - skip non existing resourceDirectory D:\Desarrollo_Orientado_Servicios\workspace3\webclient\src\main\resources
2020-11-04 11:37:18,313 [Worker-99: Building] INFO  o.e.m.c.i.embedder.EclipseLogger - Using 'UTF-8' encoding to copy filtered resources.
2020-11-04 11:37:18,314 [Worker-99: Building] INFO  o.e.m.c.i.embedder.EclipseLogger - skip non existing resourceDirectory D:\Desarrollo_Orientado_Servicios\workspace3\webclient\src\test\resources
2020-11-04 11:37:31,064 [Worker-96: Building] INFO  o.e.m.c.i.embedder.EclipseLogger - Using 'UTF-8' encoding to copy filtered resources.
2020-11-04 11:37:31,064 [Worker-96: Building] INFO  o.e.m.c.i.embedder.EclipseLogger - skip non existing resourceDirectory D:\Desarrollo_Orientado_Servicios\workspace3\webclient\src\main\resources
2020-11-04 11:37:31,066 [Worker-96: Building] INFO  o.e.m.c.i.embedder.EclipseLogger - Using 'UTF-8' encoding to copy filtered resources.
2020-11-04 11:37:31,066 [Worker-96: Building] INFO  o.e.m.c.i.embedder.EclipseLogger - skip non existing resourceDirectory D:\Desarrollo_Orientado_Servicios\workspace3\webclient\src\test\resources
2020-11-04 11:38:52,225 [Worker-98: Building] INFO  o.e.m.c.i.embedder.EclipseLogger - Using 'UTF-8' encoding to copy filtered resources.
2020-11-04 11:38:52,226 [Worker-98: Building] INFO  o.e.m.c.i.embedder.EclipseLogger - skip non existing resourceDirectory D:\Desarrollo_Orientado_Servicios\workspace3\webclient\src\main\resources
2020-11-04 11:38:52,227 [Worker-98: Building] INFO  o.e.m.c.i.embedder.EclipseLogger - Using 'UTF-8' encoding to copy filtered resources.
2020-11-04 11:38:52,227 [Worker-98: Building] INFO  o.e.m.c.i.embedder.EclipseLogger - skip non existing resourceDirectory D:\Desarrollo_Orientado_Servicios\workspace3\webclient\src\test\resources
2020-11-04 11:43:59,464 [Worker-101: Building] INFO  o.e.m.c.i.embedder.EclipseLogger - Using 'UTF-8' encoding to copy filtered resources.
2020-11-04 11:43:59,465 [Worker-101: Building] INFO  o.e.m.c.i.embedder.EclipseLogger - skip non existing resourceDirectory D:\Desarrollo_Orientado_Servicios\workspace3\webclient\src\main\resources
2020-11-04 11:43:59,466 [Worker-101: Building] INFO  o.e.m.c.i.embedder.EclipseLogger - Using 'UTF-8' encoding to copy filtered resources.
2020-11-04 11:43:59,467 [Worker-101: Building] INFO  o.e.m.c.i.embedder.EclipseLogger - skip non existing resourceDirectory D:\Desarrollo_Orientado_Servicios\workspace3\webclient\src\test\resources
2020-11-04 11:44:17,183 [Worker-93: Building] INFO  o.e.m.c.i.embedder.EclipseLogger - Using 'UTF-8' encoding to copy filtered resources.
2020-11-04 11:44:17,183 [Worker-93: Building] INFO  o.e.m.c.i.embedder.EclipseLogger - skip non existing resourceDirectory D:\Desarrollo_Orientado_Servicios\workspace3\webclient\src\main\resources
2020-11-04 11:44:17,185 [Worker-93: Building] INFO  o.e.m.c.i.embedder.EclipseLogger - Using 'UTF-8' encoding to copy filtered resources.
2020-11-04 11:44:17,185 [Worker-93: Building] INFO  o.e.m.c.i.embedder.EclipseLogger - skip non existing resourceDirectory D:\Desarrollo_Orientado_Servicios\workspace3\webclient\src\test\resources
2020-11-04 11:44:24,612 [Worker-85: Building] INFO  o.e.m.c.i.embedder.EclipseLogger - Using 'UTF-8' encoding to copy filtered resources.
2020-11-04 11:44:24,612 [Worker-85: Building] INFO  o.e.m.c.i.embedder.EclipseLogger - skip non existing resourceDirectory D:\Desarrollo_Orientado_Servicios\workspace3\webclient\src\main\resources
2020-11-04 11:44:24,614 [Worker-85: Building] INFO  o.e.m.c.i.embedder.EclipseLogger - Using 'UTF-8' encoding to copy filtered resources.
2020-11-04 11:44:24,614 [Worker-85: Building] INFO  o.e.m.c.i.embedder.EclipseLogger - skip non existing resourceDirectory D:\Desarrollo_Orientado_Servicios\workspace3\webclient\src\test\resources
2020-11-04 11:50:55,891 [Worker-96: Launching earclient] INFO  o.e.m.i.launch.MavenLaunchDelegate - D:\Desarrollo_Orientado_Servicios\workspace3\earclient
2020-11-04 11:50:55,891 [Worker-96: Launching earclient] INFO  o.e.m.i.launch.MavenLaunchDelegate -  mvn -B clean install -e
