2020-10-14 09:57:08,787 [Worker-3: Loading available Gradle versions] INFO  o.e.b.c.i.u.g.PublishedGradleVersions - Gradle version information cache is up-to-date. Trying to read.
2020-10-14 09:58:19,262 [Worker-14: Updating Maven Dependencies] INFO  o.e.m.c.i.l.LifecycleMappingFactory - Using org.maven.ide.eclipse.wtp.EjbLifecycleMapping lifecycle mapping for MavenProject: ustados:ejb_dos:0.0.1-SNAPSHOT @ D:\Desarrollo_Orientado_Servicios\workspace2\ejb_dos\pom.xml.
2020-10-14 09:58:19,484 [Worker-14: Updating Maven Dependencies] WARN  o.e.m.c.i.embedder.EclipseLogger - The POM for ustados:postgres:jar:0.0.1-SNAPSHOT is missing, no dependency information available
2020-10-14 09:58:24,121 [Worker-14: Updating Maven Dependencies] INFO  o.e.m.c.i.embedder.EclipseLogger - Using 'UTF-8' encoding to copy filtered resources.
2020-10-14 09:58:24,134 [Worker-14: Updating Maven Dependencies] INFO  o.e.m.c.i.embedder.EclipseLogger - Copying 4 resources
2020-10-14 09:58:24,170 [Worker-14: Updating Maven Dependencies] INFO  o.e.m.c.i.embedder.EclipseLogger - Using 'UTF-8' encoding to copy filtered resources.
2020-10-14 09:58:24,170 [Worker-14: Updating Maven Dependencies] INFO  o.e.m.c.i.embedder.EclipseLogger - skip non existing resourceDirectory D:\Desarrollo_Orientado_Servicios\workspace2\ejb_dos\src\test\resources
2020-10-14 09:58:27,775 [Worker-11: Updating workspace] WARN  o.e.m.c.i.embedder.EclipseLogger - The POM for ustados:postgres:jar:0.0.1-SNAPSHOT is missing, no dependency information available
2020-10-14 09:58:33,573 [Worker-17: Building] INFO  o.e.m.c.i.embedder.EclipseLogger - Using 'UTF-8' encoding to copy filtered resources.
2020-10-14 09:58:33,585 [Worker-17: Building] INFO  o.e.m.c.i.embedder.EclipseLogger - Copying 4 resources
2020-10-14 09:58:33,591 [Worker-17: Building] INFO  o.e.m.c.i.embedder.EclipseLogger - Using 'UTF-8' encoding to copy filtered resources.
2020-10-14 09:58:33,592 [Worker-17: Building] INFO  o.e.m.c.i.embedder.EclipseLogger - skip non existing resourceDirectory D:\Desarrollo_Orientado_Servicios\workspace2\ejb_dos\src\test\resources
2020-10-14 09:58:34,792 [Worker-17: Building] INFO  o.e.m.c.i.l.LifecycleMappingFactory - Using org.eclipse.m2e.jdt.JarLifecycleMapping lifecycle mapping for MavenProject: ustados:mysql:0.0.1-SNAPSHOT @ D:\Desarrollo_Orientado_Servicios\workspace2\mysql\pom.xml.
2020-10-14 09:58:37,132 [Worker-17: Building] INFO  o.e.m.c.i.l.LifecycleMappingFactory - Using org.maven.ide.eclipse.wtp.EjbLifecycleMapping lifecycle mapping for MavenProject: ustados:ejb_dos:0.0.1-SNAPSHOT @ D:\Desarrollo_Orientado_Servicios\workspace2\ejb_dos\pom.xml.
2020-10-14 09:58:37,215 [Worker-17: Building] WARN  o.e.m.c.i.embedder.EclipseLogger - The POM for ustados:postgres:jar:0.0.1-SNAPSHOT is missing, no dependency information available
2020-10-14 09:58:37,240 [Worker-17: Building] INFO  o.e.m.c.i.p.WorkspaceClassifierResolverManager - Resolving P/mysql: ustados:mysql:0.0.1-SNAPSHOT with classifier  to /mysql/target/classes
2020-10-14 09:58:37,506 [Worker-17: Building] WARN  o.e.m.c.i.embedder.EclipseLogger - Using platform encoding (Cp1252 actually) to copy filtered resources, i.e. build is platform dependent!
2020-10-14 09:58:37,531 [Worker-17: Building] INFO  o.e.m.c.i.embedder.EclipseLogger - Copying 0 resource
2020-10-14 09:58:37,535 [Worker-17: Building] WARN  o.e.m.c.i.embedder.EclipseLogger - Using platform encoding (Cp1252 actually) to copy filtered resources, i.e. build is platform dependent!
2020-10-14 09:58:37,552 [Worker-17: Building] INFO  o.e.m.c.i.embedder.EclipseLogger - Copying 0 resource
2020-10-14 09:58:39,160 [Worker-17: Building] WARN  o.e.m.c.i.embedder.EclipseLogger - Using platform encoding (Cp1252 actually) to copy filtered resources, i.e. build is platform dependent!
2020-10-14 09:58:39,172 [Worker-17: Building] INFO  o.e.m.c.i.embedder.EclipseLogger - Copying 0 resource
2020-10-14 09:58:39,173 [Worker-17: Building] WARN  o.e.m.c.i.embedder.EclipseLogger - Using platform encoding (Cp1252 actually) to copy filtered resources, i.e. build is platform dependent!
2020-10-14 09:58:39,183 [Worker-17: Building] INFO  o.e.m.c.i.embedder.EclipseLogger - Copying 0 resource
2020-10-14 09:58:40,407 [Worker-4: Updating workspace] WARN  o.e.m.c.i.embedder.EclipseLogger - The POM for ustados:postgres:jar:0.0.1-SNAPSHOT is missing, no dependency information available
2020-10-14 09:58:40,476 [Worker-4: Updating workspace] INFO  o.e.m.c.i.p.WorkspaceClassifierResolverManager - Resolving P/mysql: ustados:mysql:0.0.1-SNAPSHOT with classifier  to /mysql/target/classes
2020-10-14 09:58:44,670 [Worker-0: Updating Maven Dependencies] INFO  o.e.m.c.i.l.LifecycleMappingFactory - Using org.eclipse.m2e.jdt.JarLifecycleMapping lifecycle mapping for MavenProject: ustados:postgres:0.0.1-SNAPSHOT @ D:\Desarrollo_Orientado_Servicios\workspace2\postgres\pom.xml.
2020-10-14 09:58:46,275 [Worker-0: Updating Maven Dependencies] INFO  o.e.m.c.i.l.LifecycleMappingFactory - Using org.maven.ide.eclipse.wtp.EjbLifecycleMapping lifecycle mapping for MavenProject: ustados:ejb_dos:0.0.1-SNAPSHOT @ D:\Desarrollo_Orientado_Servicios\workspace2\ejb_dos\pom.xml.
2020-10-14 09:58:46,313 [Worker-0: Updating Maven Dependencies] INFO  o.e.m.c.i.p.WorkspaceClassifierResolverManager - Resolving P/mysql: ustados:mysql:0.0.1-SNAPSHOT with classifier  to /mysql/target/classes
2020-10-14 09:58:46,334 [Worker-0: Updating Maven Dependencies] INFO  o.e.m.c.i.p.WorkspaceClassifierResolverManager - Resolving P/postgres: ustados:postgres:0.0.1-SNAPSHOT with classifier  to /postgres/target/classes
2020-10-14 09:58:47,560 [Worker-0: Updating Maven Dependencies] WARN  o.e.m.c.i.embedder.EclipseLogger - Using platform encoding (Cp1252 actually) to copy filtered resources, i.e. build is platform dependent!
2020-10-14 09:58:47,741 [Worker-0: Updating Maven Dependencies] INFO  o.e.m.c.i.embedder.EclipseLogger - Copying 0 resource
2020-10-14 09:58:47,744 [Worker-0: Updating Maven Dependencies] WARN  o.e.m.c.i.embedder.EclipseLogger - Using platform encoding (Cp1252 actually) to copy filtered resources, i.e. build is platform dependent!
2020-10-14 09:58:47,848 [Worker-0: Updating Maven Dependencies] INFO  o.e.m.c.i.embedder.EclipseLogger - Copying 0 resource
2020-10-14 09:58:48,748 [Worker-0: Updating Maven Dependencies] INFO  o.e.m.c.i.embedder.EclipseLogger - Using 'UTF-8' encoding to copy filtered resources.
2020-10-14 09:58:48,749 [Worker-0: Updating Maven Dependencies] INFO  o.e.m.c.i.embedder.EclipseLogger - Copying 4 resources
2020-10-14 09:58:48,753 [Worker-0: Updating Maven Dependencies] INFO  o.e.m.c.i.embedder.EclipseLogger - Using 'UTF-8' encoding to copy filtered resources.
2020-10-14 09:58:48,754 [Worker-0: Updating Maven Dependencies] INFO  o.e.m.c.i.embedder.EclipseLogger - skip non existing resourceDirectory D:\Desarrollo_Orientado_Servicios\workspace2\ejb_dos\src\test\resources
2020-10-14 09:58:52,448 [Worker-8: Building] WARN  o.e.m.c.i.embedder.EclipseLogger - Using platform encoding (Cp1252 actually) to copy filtered resources, i.e. build is platform dependent!
2020-10-14 09:58:52,469 [Worker-8: Building] INFO  o.e.m.c.i.embedder.EclipseLogger - Copying 0 resource
2020-10-14 09:58:52,473 [Worker-8: Building] WARN  o.e.m.c.i.embedder.EclipseLogger - Using platform encoding (Cp1252 actually) to copy filtered resources, i.e. build is platform dependent!
2020-10-14 09:58:52,508 [Worker-8: Building] INFO  o.e.m.c.i.embedder.EclipseLogger - Copying 0 resource
2020-10-14 09:58:52,829 [Worker-8: Building] WARN  o.e.m.c.i.embedder.EclipseLogger - Using platform encoding (Cp1252 actually) to copy filtered resources, i.e. build is platform dependent!
2020-10-14 09:58:52,843 [Worker-8: Building] INFO  o.e.m.c.i.embedder.EclipseLogger - Copying 0 resource
2020-10-14 09:58:52,847 [Worker-8: Building] WARN  o.e.m.c.i.embedder.EclipseLogger - Using platform encoding (Cp1252 actually) to copy filtered resources, i.e. build is platform dependent!
2020-10-14 09:58:52,902 [Worker-8: Building] INFO  o.e.m.c.i.embedder.EclipseLogger - Copying 0 resource
2020-10-14 09:58:54,289 [Worker-11: Building] INFO  o.e.m.c.i.p.WorkspaceClassifierResolverManager - Resolving P/mysql: ustados:mysql:0.0.1-SNAPSHOT with classifier  to /mysql/target/classes
2020-10-14 09:58:54,293 [Worker-11: Building] INFO  o.e.m.c.i.p.WorkspaceClassifierResolverManager - Resolving P/postgres: ustados:postgres:0.0.1-SNAPSHOT with classifier  to /postgres/target/classes
2020-10-14 09:58:54,302 [Worker-11: Building] INFO  o.e.m.c.i.embedder.EclipseLogger - Using 'UTF-8' encoding to copy filtered resources.
2020-10-14 09:58:54,304 [Worker-11: Building] INFO  o.e.m.c.i.embedder.EclipseLogger - Copying 4 resources
2020-10-14 09:58:54,326 [Worker-11: Building] INFO  o.e.m.c.i.embedder.EclipseLogger - Using 'UTF-8' encoding to copy filtered resources.
2020-10-14 09:58:54,326 [Worker-11: Building] INFO  o.e.m.c.i.embedder.EclipseLogger - skip non existing resourceDirectory D:\Desarrollo_Orientado_Servicios\workspace2\ejb_dos\src\test\resources
2020-10-14 09:58:58,898 [Worker-3: Building] INFO  o.e.m.c.i.l.LifecycleMappingFactory - Using org.maven.ide.eclipse.wtp.EarLifecycleMapping lifecycle mapping for MavenProject: ustados:serviceear:0.0.1-SNAPSHOT @ D:\Desarrollo_Orientado_Servicios\workspace2\serviceear\pom.xml.
2020-10-14 09:58:58,958 [Worker-3: Building] INFO  o.e.m.c.i.p.WorkspaceClassifierResolverManager - Resolving P/ejb_dos: ustados:ejb_dos:0.0.1-SNAPSHOT with classifier  to /ejb_dos/target/classes
2020-10-14 09:58:58,960 [Worker-3: Building] INFO  o.e.m.c.i.p.WorkspaceClassifierResolverManager - Resolving P/mysql: ustados:mysql:0.0.1-SNAPSHOT with classifier  to /mysql/target/classes
2020-10-14 09:58:58,965 [Worker-3: Building] INFO  o.e.m.c.i.p.WorkspaceClassifierResolverManager - Resolving P/postgres: ustados:postgres:0.0.1-SNAPSHOT with classifier  to /postgres/target/classes
2020-10-14 09:58:59,525 [Worker-3: Building] INFO  o.e.m.c.i.p.WorkspaceClassifierResolverManager - Resolving P/ejb_dos: ustados:ejb_dos:0.0.1-SNAPSHOT with classifier  to /ejb_dos/target/classes
2020-10-14 09:58:59,526 [Worker-3: Building] INFO  o.e.m.c.i.p.WorkspaceClassifierResolverManager - Resolving P/mysql: ustados:mysql:0.0.1-SNAPSHOT with classifier  to /mysql/target/classes
2020-10-14 09:58:59,529 [Worker-3: Building] INFO  o.e.m.c.i.p.WorkspaceClassifierResolverManager - Resolving P/postgres: ustados:postgres:0.0.1-SNAPSHOT with classifier  to /postgres/target/classes
2020-10-14 09:59:00,238 [Worker-3: Building] INFO  o.e.m.c.i.embedder.EclipseLogger - Generating application.xml
2020-10-14 09:59:00,530 [Worker-3: Building] INFO  o.e.m.c.i.embedder.EclipseLogger - Using 'UTF-8' encoding to copy filtered resources.
2020-10-14 09:59:00,530 [Worker-3: Building] INFO  o.e.m.c.i.embedder.EclipseLogger - skip non existing resourceDirectory D:\Desarrollo_Orientado_Servicios\workspace2\serviceear\src\main\resources
2020-10-14 09:59:01,671 [Worker-5: Updating Maven Dependencies] INFO  o.e.m.c.i.l.LifecycleMappingFactory - Using org.maven.ide.eclipse.wtp.EarLifecycleMapping lifecycle mapping for MavenProject: ustados:serviceear:0.0.1-SNAPSHOT @ D:\Desarrollo_Orientado_Servicios\workspace2\serviceear\pom.xml.
2020-10-14 09:59:01,743 [Worker-5: Updating Maven Dependencies] INFO  o.e.m.c.i.p.WorkspaceClassifierResolverManager - Resolving P/ejb_dos: ustados:ejb_dos:0.0.1-SNAPSHOT with classifier  to /ejb_dos/target/classes
2020-10-14 09:59:01,751 [Worker-5: Updating Maven Dependencies] INFO  o.e.m.c.i.p.WorkspaceClassifierResolverManager - Resolving P/mysql: ustados:mysql:0.0.1-SNAPSHOT with classifier  to /mysql/target/classes
2020-10-14 09:59:01,756 [Worker-5: Updating Maven Dependencies] INFO  o.e.m.c.i.p.WorkspaceClassifierResolverManager - Resolving P/postgres: ustados:postgres:0.0.1-SNAPSHOT with classifier  to /postgres/target/classes
2020-10-14 09:59:02,897 [Worker-5: Updating Maven Dependencies] INFO  o.e.m.c.i.embedder.EclipseLogger - Generating application.xml
2020-10-14 09:59:03,312 [Worker-9: Building] INFO  o.e.m.c.i.p.WorkspaceClassifierResolverManager - Resolving P/ejb_dos: ustados:ejb_dos:0.0.1-SNAPSHOT with classifier  to /ejb_dos/target/classes
2020-10-14 09:59:03,314 [Worker-9: Building] INFO  o.e.m.c.i.p.WorkspaceClassifierResolverManager - Resolving P/mysql: ustados:mysql:0.0.1-SNAPSHOT with classifier  to /mysql/target/classes
2020-10-14 09:59:03,317 [Worker-9: Building] INFO  o.e.m.c.i.p.WorkspaceClassifierResolverManager - Resolving P/postgres: ustados:postgres:0.0.1-SNAPSHOT with classifier  to /postgres/target/classes
2020-10-14 09:59:03,334 [Worker-9: Building] INFO  o.e.m.c.i.embedder.EclipseLogger - Using 'UTF-8' encoding to copy filtered resources.
2020-10-14 09:59:03,334 [Worker-9: Building] INFO  o.e.m.c.i.embedder.EclipseLogger - skip non existing resourceDirectory D:\Desarrollo_Orientado_Servicios\workspace2\serviceear\src\main\resources
2020-10-14 09:59:11,171 [Worker-17: Updating Maven Dependencies] INFO  o.e.m.c.i.l.LifecycleMappingFactory - Using org.maven.ide.eclipse.wtp.WarLifecycleMapping lifecycle mapping for MavenProject: ustados:servicessoap:0.0.1-SNAPSHOT @ D:\Desarrollo_Orientado_Servicios\workspace2\servicessoap\pom.xml.
2020-10-14 09:59:11,251 [Worker-19: Building] INFO  o.e.m.c.i.l.LifecycleMappingFactory - Using org.maven.ide.eclipse.wtp.WarLifecycleMapping lifecycle mapping for MavenProject: ustados:servicessoap:0.0.1-SNAPSHOT @ D:\Desarrollo_Orientado_Servicios\workspace2\servicessoap\pom.xml.
2020-10-14 09:59:11,670 [Worker-19: Building] INFO  o.e.m.c.i.p.WorkspaceClassifierResolverManager - Resolving P/ejb_dos: ustados:ejb_dos:0.0.1-SNAPSHOT with classifier  to /ejb_dos/target/classes
2020-10-14 09:59:11,671 [Worker-19: Building] INFO  o.e.m.c.i.p.WorkspaceClassifierResolverManager - Resolving P/mysql: ustados:mysql:0.0.1-SNAPSHOT with classifier  to /mysql/target/classes
2020-10-14 09:59:11,675 [Worker-19: Building] INFO  o.e.m.c.i.p.WorkspaceClassifierResolverManager - Resolving P/postgres: ustados:postgres:0.0.1-SNAPSHOT with classifier  to /postgres/target/classes
2020-10-14 09:59:11,698 [Worker-17: Updating Maven Dependencies] INFO  o.e.m.c.i.p.WorkspaceClassifierResolverManager - Resolving P/ejb_dos: ustados:ejb_dos:0.0.1-SNAPSHOT with classifier  to /ejb_dos/target/classes
2020-10-14 09:59:11,699 [Worker-17: Updating Maven Dependencies] INFO  o.e.m.c.i.p.WorkspaceClassifierResolverManager - Resolving P/mysql: ustados:mysql:0.0.1-SNAPSHOT with classifier  to /mysql/target/classes
2020-10-14 09:59:11,701 [Worker-17: Updating Maven Dependencies] INFO  o.e.m.c.i.p.WorkspaceClassifierResolverManager - Resolving P/postgres: ustados:postgres:0.0.1-SNAPSHOT with classifier  to /postgres/target/classes
2020-10-14 09:59:12,460 [Worker-19: Building] INFO  o.e.m.c.i.l.LifecycleMappingFactory - Using org.maven.ide.eclipse.wtp.EarLifecycleMapping lifecycle mapping for MavenProject: ustados:serviceear:0.0.1-SNAPSHOT @ D:\Desarrollo_Orientado_Servicios\workspace2\serviceear\pom.xml.
2020-10-14 09:59:12,466 [Worker-19: Building] INFO  o.e.m.c.i.p.WorkspaceClassifierResolverManager - Resolving P/servicessoap: ustados:servicessoap:0.0.1-SNAPSHOT with classifier  to /servicessoap/target/classes
2020-10-14 09:59:12,466 [Worker-19: Building] INFO  o.e.m.c.i.p.WorkspaceClassifierResolverManager - Resolving P/ejb_dos: ustados:ejb_dos:0.0.1-SNAPSHOT with classifier  to /ejb_dos/target/classes
2020-10-14 09:59:12,473 [Worker-19: Building] INFO  o.e.m.c.i.p.WorkspaceClassifierResolverManager - Resolving P/mysql: ustados:mysql:0.0.1-SNAPSHOT with classifier  to /mysql/target/classes
2020-10-14 09:59:12,486 [Worker-19: Building] INFO  o.e.m.c.i.p.WorkspaceClassifierResolverManager - Resolving P/postgres: ustados:postgres:0.0.1-SNAPSHOT with classifier  to /postgres/target/classes
2020-10-14 09:59:12,932 [Worker-19: Building] INFO  o.e.m.c.i.embedder.EclipseLogger - Generating application.xml
2020-10-14 09:59:13,151 [Worker-19: Building] INFO  o.e.m.c.i.embedder.EclipseLogger - Using 'UTF-8' encoding to copy filtered resources.
2020-10-14 09:59:13,151 [Worker-19: Building] INFO  o.e.m.c.i.embedder.EclipseLogger - skip non existing resourceDirectory D:\Desarrollo_Orientado_Servicios\workspace2\servicessoap\src\main\resources
2020-10-14 09:59:13,153 [Worker-19: Building] INFO  o.e.m.c.i.embedder.EclipseLogger - Using 'UTF-8' encoding to copy filtered resources.
2020-10-14 09:59:13,156 [Worker-19: Building] INFO  o.e.m.c.i.embedder.EclipseLogger - skip non existing resourceDirectory D:\Desarrollo_Orientado_Servicios\workspace2\servicessoap\src\test\resources
2020-10-14 09:59:15,386 [Worker-19: Building] INFO  o.e.m.c.i.p.WorkspaceClassifierResolverManager - Resolving P/ejb_dos: ustados:ejb_dos:0.0.1-SNAPSHOT with classifier  to /ejb_dos/target/classes
2020-10-14 09:59:15,387 [Worker-19: Building] INFO  o.e.m.c.i.p.WorkspaceClassifierResolverManager - Resolving P/mysql: ustados:mysql:0.0.1-SNAPSHOT with classifier  to /mysql/target/classes
2020-10-14 09:59:15,390 [Worker-19: Building] INFO  o.e.m.c.i.p.WorkspaceClassifierResolverManager - Resolving P/postgres: ustados:postgres:0.0.1-SNAPSHOT with classifier  to /postgres/target/classes
2020-10-14 09:59:16,841 [Worker-19: Building] INFO  o.e.m.c.i.embedder.EclipseLogger - Using 'UTF-8' encoding to copy filtered resources.
2020-10-14 09:59:16,842 [Worker-19: Building] INFO  o.e.m.c.i.embedder.EclipseLogger - skip non existing resourceDirectory D:\Desarrollo_Orientado_Servicios\workspace2\servicessoap\src\main\resources
2020-10-14 09:59:16,843 [Worker-19: Building] INFO  o.e.m.c.i.embedder.EclipseLogger - Using 'UTF-8' encoding to copy filtered resources.
2020-10-14 09:59:16,843 [Worker-19: Building] INFO  o.e.m.c.i.embedder.EclipseLogger - skip non existing resourceDirectory D:\Desarrollo_Orientado_Servicios\workspace2\servicessoap\src\test\resources
2020-10-14 09:59:17,326 [Worker-3: Updating Maven Dependencies] INFO  o.e.m.c.i.l.LifecycleMappingFactory - Using org.maven.ide.eclipse.wtp.WarLifecycleMapping lifecycle mapping for MavenProject: ustados:servicessoap:0.0.1-SNAPSHOT @ D:\Desarrollo_Orientado_Servicios\workspace2\servicessoap\pom.xml.
2020-10-14 09:59:17,617 [Worker-3: Updating Maven Dependencies] INFO  o.e.m.c.i.p.WorkspaceClassifierResolverManager - Resolving P/ejb_dos: ustados:ejb_dos:0.0.1-SNAPSHOT with classifier  to /ejb_dos/target/classes
2020-10-14 09:59:17,619 [Worker-3: Updating Maven Dependencies] INFO  o.e.m.c.i.p.WorkspaceClassifierResolverManager - Resolving P/mysql: ustados:mysql:0.0.1-SNAPSHOT with classifier  to /mysql/target/classes
2020-10-14 09:59:17,622 [Worker-3: Updating Maven Dependencies] INFO  o.e.m.c.i.p.WorkspaceClassifierResolverManager - Resolving P/postgres: ustados:postgres:0.0.1-SNAPSHOT with classifier  to /postgres/target/classes
2020-10-14 09:59:18,074 [Worker-19: Building] INFO  o.e.m.c.i.p.WorkspaceClassifierResolverManager - Resolving P/ejb_dos: ustados:ejb_dos:0.0.1-SNAPSHOT with classifier  to /ejb_dos/target/classes
2020-10-14 09:59:18,074 [Worker-19: Building] INFO  o.e.m.c.i.p.WorkspaceClassifierResolverManager - Resolving P/mysql: ustados:mysql:0.0.1-SNAPSHOT with classifier  to /mysql/target/classes
2020-10-14 09:59:18,076 [Worker-19: Building] INFO  o.e.m.c.i.p.WorkspaceClassifierResolverManager - Resolving P/postgres: ustados:postgres:0.0.1-SNAPSHOT with classifier  to /postgres/target/classes
2020-10-14 09:59:19,190 [Worker-7: Building] INFO  o.e.m.c.i.p.WorkspaceClassifierResolverManager - Resolving P/servicessoap: ustados:servicessoap:0.0.1-SNAPSHOT with classifier  to /servicessoap/target/classes
2020-10-14 09:59:19,190 [Worker-7: Building] INFO  o.e.m.c.i.p.WorkspaceClassifierResolverManager - Resolving P/ejb_dos: ustados:ejb_dos:0.0.1-SNAPSHOT with classifier  to /ejb_dos/target/classes
2020-10-14 09:59:19,191 [Worker-7: Building] INFO  o.e.m.c.i.p.WorkspaceClassifierResolverManager - Resolving P/mysql: ustados:mysql:0.0.1-SNAPSHOT with classifier  to /mysql/target/classes
2020-10-14 09:59:19,194 [Worker-7: Building] INFO  o.e.m.c.i.p.WorkspaceClassifierResolverManager - Resolving P/postgres: ustados:postgres:0.0.1-SNAPSHOT with classifier  to /postgres/target/classes
2020-10-14 09:59:19,204 [Worker-7: Building] INFO  o.e.m.c.i.embedder.EclipseLogger - Using 'UTF-8' encoding to copy filtered resources.
2020-10-14 09:59:19,204 [Worker-7: Building] INFO  o.e.m.c.i.embedder.EclipseLogger - skip non existing resourceDirectory D:\Desarrollo_Orientado_Servicios\workspace2\serviceear\src\main\resources
2020-10-14 09:59:20,297 [Worker-7: Building] INFO  o.e.m.c.i.p.WorkspaceClassifierResolverManager - Resolving P/ejb_dos: ustados:ejb_dos:0.0.1-SNAPSHOT with classifier  to /ejb_dos/target/classes
2020-10-14 09:59:20,298 [Worker-7: Building] INFO  o.e.m.c.i.p.WorkspaceClassifierResolverManager - Resolving P/mysql: ustados:mysql:0.0.1-SNAPSHOT with classifier  to /mysql/target/classes
2020-10-14 09:59:20,300 [Worker-7: Building] INFO  o.e.m.c.i.p.WorkspaceClassifierResolverManager - Resolving P/postgres: ustados:postgres:0.0.1-SNAPSHOT with classifier  to /postgres/target/classes
2020-10-14 09:59:20,307 [Worker-7: Building] INFO  o.e.m.c.i.embedder.EclipseLogger - Using 'UTF-8' encoding to copy filtered resources.
2020-10-14 09:59:20,308 [Worker-7: Building] INFO  o.e.m.c.i.embedder.EclipseLogger - skip non existing resourceDirectory D:\Desarrollo_Orientado_Servicios\workspace2\servicessoap\src\main\resources
2020-10-14 09:59:20,311 [Worker-7: Building] INFO  o.e.m.c.i.embedder.EclipseLogger - Using 'UTF-8' encoding to copy filtered resources.
2020-10-14 09:59:20,311 [Worker-7: Building] INFO  o.e.m.c.i.embedder.EclipseLogger - skip non existing resourceDirectory D:\Desarrollo_Orientado_Servicios\workspace2\servicessoap\src\test\resources
2020-10-14 10:11:04,800 [Worker-32: Building] INFO  o.e.m.c.i.embedder.EclipseLogger - Using 'UTF-8' encoding to copy filtered resources.
2020-10-14 10:11:04,804 [Worker-32: Building] INFO  o.e.m.c.i.embedder.EclipseLogger - Copying 1 resource
2020-10-14 10:11:04,862 [Worker-32: Building] INFO  o.e.m.c.i.embedder.EclipseLogger - Using 'UTF-8' encoding to copy filtered resources.
2020-10-14 10:11:04,863 [Worker-32: Building] INFO  o.e.m.c.i.embedder.EclipseLogger - skip non existing resourceDirectory D:\Desarrollo_Orientado_Servicios\workspace2\ejb_dos\src\test\resources
2020-10-14 10:11:15,687 [Worker-32: Building] INFO  o.e.m.c.i.embedder.EclipseLogger - Using 'UTF-8' encoding to copy filtered resources.
2020-10-14 10:11:15,687 [Worker-32: Building] INFO  o.e.m.c.i.embedder.EclipseLogger - Copying 1 resource
2020-10-14 10:11:15,691 [Worker-32: Building] INFO  o.e.m.c.i.embedder.EclipseLogger - Using 'UTF-8' encoding to copy filtered resources.
2020-10-14 10:11:15,691 [Worker-32: Building] INFO  o.e.m.c.i.embedder.EclipseLogger - skip non existing resourceDirectory D:\Desarrollo_Orientado_Servicios\workspace2\ejb_dos\src\test\resources
2020-10-14 10:11:57,406 [Worker-34: Building] WARN  o.e.m.c.i.embedder.EclipseLogger - Using platform encoding (Cp1252 actually) to copy filtered resources, i.e. build is platform dependent!
2020-10-14 10:11:57,539 [Worker-34: Building] INFO  o.e.m.c.i.embedder.EclipseLogger - Copying 0 resource
2020-10-14 10:11:57,540 [Worker-34: Building] WARN  o.e.m.c.i.embedder.EclipseLogger - Using platform encoding (Cp1252 actually) to copy filtered resources, i.e. build is platform dependent!
2020-10-14 10:11:57,594 [Worker-34: Building] INFO  o.e.m.c.i.embedder.EclipseLogger - Copying 0 resource
2020-10-14 10:11:58,198 [Worker-34: Building] WARN  o.e.m.c.i.embedder.EclipseLogger - Using platform encoding (Cp1252 actually) to copy filtered resources, i.e. build is platform dependent!
2020-10-14 10:11:58,341 [Worker-34: Building] INFO  o.e.m.c.i.embedder.EclipseLogger - Copying 0 resource
2020-10-14 10:11:58,346 [Worker-34: Building] WARN  o.e.m.c.i.embedder.EclipseLogger - Using platform encoding (Cp1252 actually) to copy filtered resources, i.e. build is platform dependent!
2020-10-14 10:11:58,413 [Worker-34: Building] INFO  o.e.m.c.i.embedder.EclipseLogger - Copying 0 resource
2020-10-14 10:11:58,593 [Worker-36: Building] INFO  o.e.m.c.i.embedder.EclipseLogger - Using 'UTF-8' encoding to copy filtered resources.
2020-10-14 10:11:58,594 [Worker-36: Building] INFO  o.e.m.c.i.embedder.EclipseLogger - Copying 0 resource
2020-10-14 10:11:58,597 [Worker-36: Building] INFO  o.e.m.c.i.embedder.EclipseLogger - Using 'UTF-8' encoding to copy filtered resources.
2020-10-14 10:11:58,597 [Worker-36: Building] INFO  o.e.m.c.i.embedder.EclipseLogger - skip non existing resourceDirectory D:\Desarrollo_Orientado_Servicios\workspace2\ejb_dos\src\test\resources
2020-10-14 10:11:58,620 [Worker-36: Building] INFO  o.e.m.c.i.embedder.EclipseLogger - Using 'UTF-8' encoding to copy filtered resources.
2020-10-14 10:11:58,621 [Worker-36: Building] INFO  o.e.m.c.i.embedder.EclipseLogger - skip non existing resourceDirectory D:\Desarrollo_Orientado_Servicios\workspace2\servicessoap\src\main\resources
2020-10-14 10:11:58,622 [Worker-36: Building] INFO  o.e.m.c.i.embedder.EclipseLogger - Using 'UTF-8' encoding to copy filtered resources.
2020-10-14 10:11:58,622 [Worker-36: Building] INFO  o.e.m.c.i.embedder.EclipseLogger - skip non existing resourceDirectory D:\Desarrollo_Orientado_Servicios\workspace2\servicessoap\src\test\resources
2020-10-14 10:15:09,342 [Worker-37: Building] WARN  o.e.m.c.i.embedder.EclipseLogger - Using platform encoding (Cp1252 actually) to copy filtered resources, i.e. build is platform dependent!
2020-10-14 10:15:09,355 [Worker-37: Building] INFO  o.e.m.c.i.embedder.EclipseLogger - Copying 0 resource
2020-10-14 10:15:09,357 [Worker-37: Building] WARN  o.e.m.c.i.embedder.EclipseLogger - Using platform encoding (Cp1252 actually) to copy filtered resources, i.e. build is platform dependent!
2020-10-14 10:15:09,371 [Worker-37: Building] INFO  o.e.m.c.i.embedder.EclipseLogger - Copying 0 resource
2020-10-14 10:15:35,050 [Worker-29: Building] WARN  o.e.m.c.i.embedder.EclipseLogger - Using platform encoding (Cp1252 actually) to copy filtered resources, i.e. build is platform dependent!
2020-10-14 10:15:35,059 [Worker-29: Building] INFO  o.e.m.c.i.embedder.EclipseLogger - Copying 0 resource
2020-10-14 10:15:35,060 [Worker-29: Building] WARN  o.e.m.c.i.embedder.EclipseLogger - Using platform encoding (Cp1252 actually) to copy filtered resources, i.e. build is platform dependent!
2020-10-14 10:15:35,069 [Worker-29: Building] INFO  o.e.m.c.i.embedder.EclipseLogger - Copying 0 resource
2020-10-14 10:17:02,812 [Worker-29: Launching mysql] INFO  o.e.m.i.launch.MavenLaunchDelegate - D:\Desarrollo_Orientado_Servicios\workspace2\mysql
2020-10-14 10:17:02,816 [Worker-29: Launching mysql] INFO  o.e.m.i.launch.MavenLaunchDelegate -  mvn -B clean install -e
2020-10-14 10:19:16,975 [Worker-42: Building] WARN  o.e.m.c.i.embedder.EclipseLogger - Using platform encoding (Cp1252 actually) to copy filtered resources, i.e. build is platform dependent!
2020-10-14 10:19:17,002 [Worker-42: Building] INFO  o.e.m.c.i.embedder.EclipseLogger - Copying 0 resource
2020-10-14 10:19:17,004 [Worker-42: Building] WARN  o.e.m.c.i.embedder.EclipseLogger - Using platform encoding (Cp1252 actually) to copy filtered resources, i.e. build is platform dependent!
2020-10-14 10:19:17,025 [Worker-42: Building] INFO  o.e.m.c.i.embedder.EclipseLogger - Copying 0 resource
2020-10-14 10:19:17,056 [Worker-42: Building] WARN  o.e.m.c.i.embedder.EclipseLogger - Using platform encoding (Cp1252 actually) to copy filtered resources, i.e. build is platform dependent!
2020-10-14 10:19:17,069 [Worker-42: Building] INFO  o.e.m.c.i.embedder.EclipseLogger - Copying 0 resource
2020-10-14 10:19:17,071 [Worker-42: Building] WARN  o.e.m.c.i.embedder.EclipseLogger - Using platform encoding (Cp1252 actually) to copy filtered resources, i.e. build is platform dependent!
2020-10-14 10:19:17,094 [Worker-42: Building] INFO  o.e.m.c.i.embedder.EclipseLogger - Copying 0 resource
2020-10-14 10:19:17,110 [Worker-42: Building] INFO  o.e.m.c.i.embedder.EclipseLogger - Using 'UTF-8' encoding to copy filtered resources.
2020-10-14 10:19:17,111 [Worker-42: Building] INFO  o.e.m.c.i.embedder.EclipseLogger - Copying 0 resource
2020-10-14 10:19:17,112 [Worker-42: Building] INFO  o.e.m.c.i.embedder.EclipseLogger - Using 'UTF-8' encoding to copy filtered resources.
2020-10-14 10:19:17,112 [Worker-42: Building] INFO  o.e.m.c.i.embedder.EclipseLogger - skip non existing resourceDirectory D:\Desarrollo_Orientado_Servicios\workspace2\ejb_dos\src\test\resources
2020-10-14 10:19:17,137 [Worker-42: Building] INFO  o.e.m.c.i.embedder.EclipseLogger - Using 'UTF-8' encoding to copy filtered resources.
2020-10-14 10:19:17,137 [Worker-42: Building] INFO  o.e.m.c.i.embedder.EclipseLogger - skip non existing resourceDirectory D:\Desarrollo_Orientado_Servicios\workspace2\servicessoap\src\main\resources
2020-10-14 10:19:17,139 [Worker-42: Building] INFO  o.e.m.c.i.embedder.EclipseLogger - Using 'UTF-8' encoding to copy filtered resources.
2020-10-14 10:19:17,139 [Worker-42: Building] INFO  o.e.m.c.i.embedder.EclipseLogger - skip non existing resourceDirectory D:\Desarrollo_Orientado_Servicios\workspace2\servicessoap\src\test\resources
2020-10-14 10:19:24,020 [Worker-42: Building] WARN  o.e.m.c.i.embedder.EclipseLogger - Using platform encoding (Cp1252 actually) to copy filtered resources, i.e. build is platform dependent!
2020-10-14 10:19:24,102 [Worker-42: Building] INFO  o.e.m.c.i.embedder.EclipseLogger - Copying 0 resource
2020-10-14 10:19:24,106 [Worker-42: Building] WARN  o.e.m.c.i.embedder.EclipseLogger - Using platform encoding (Cp1252 actually) to copy filtered resources, i.e. build is platform dependent!
2020-10-14 10:19:24,151 [Worker-42: Building] INFO  o.e.m.c.i.embedder.EclipseLogger - Copying 0 resource
2020-10-14 10:19:24,182 [Worker-42: Building] WARN  o.e.m.c.i.embedder.EclipseLogger - Using platform encoding (Cp1252 actually) to copy filtered resources, i.e. build is platform dependent!
2020-10-14 10:19:24,203 [Worker-42: Building] INFO  o.e.m.c.i.embedder.EclipseLogger - Copying 0 resource
2020-10-14 10:19:24,205 [Worker-42: Building] WARN  o.e.m.c.i.embedder.EclipseLogger - Using platform encoding (Cp1252 actually) to copy filtered resources, i.e. build is platform dependent!
2020-10-14 10:19:24,251 [Worker-42: Building] INFO  o.e.m.c.i.embedder.EclipseLogger - Copying 0 resource
2020-10-14 10:19:24,272 [Worker-42: Building] INFO  o.e.m.c.i.embedder.EclipseLogger - Using 'UTF-8' encoding to copy filtered resources.
2020-10-14 10:19:24,272 [Worker-42: Building] INFO  o.e.m.c.i.embedder.EclipseLogger - Copying 0 resource
2020-10-14 10:19:24,274 [Worker-42: Building] INFO  o.e.m.c.i.embedder.EclipseLogger - Using 'UTF-8' encoding to copy filtered resources.
2020-10-14 10:19:24,274 [Worker-42: Building] INFO  o.e.m.c.i.embedder.EclipseLogger - skip non existing resourceDirectory D:\Desarrollo_Orientado_Servicios\workspace2\ejb_dos\src\test\resources
2020-10-14 10:19:24,629 [Worker-42: Building] INFO  o.e.m.c.i.embedder.EclipseLogger - Using 'UTF-8' encoding to copy filtered resources.
2020-10-14 10:19:24,629 [Worker-42: Building] INFO  o.e.m.c.i.embedder.EclipseLogger - skip non existing resourceDirectory D:\Desarrollo_Orientado_Servicios\workspace2\servicessoap\src\main\resources
2020-10-14 10:19:24,631 [Worker-42: Building] INFO  o.e.m.c.i.embedder.EclipseLogger - Using 'UTF-8' encoding to copy filtered resources.
2020-10-14 10:19:24,631 [Worker-42: Building] INFO  o.e.m.c.i.embedder.EclipseLogger - skip non existing resourceDirectory D:\Desarrollo_Orientado_Servicios\workspace2\servicessoap\src\test\resources
2020-10-14 10:19:25,727 [Worker-41: Building] WARN  o.e.m.c.i.embedder.EclipseLogger - Using platform encoding (Cp1252 actually) to copy filtered resources, i.e. build is platform dependent!
2020-10-14 10:19:25,745 [Worker-41: Building] INFO  o.e.m.c.i.embedder.EclipseLogger - Copying 0 resource
2020-10-14 10:19:25,747 [Worker-41: Building] WARN  o.e.m.c.i.embedder.EclipseLogger - Using platform encoding (Cp1252 actually) to copy filtered resources, i.e. build is platform dependent!
2020-10-14 10:19:25,758 [Worker-41: Building] INFO  o.e.m.c.i.embedder.EclipseLogger - Copying 0 resource
2020-10-14 10:19:26,882 [Worker-38: Launching mysql] INFO  o.e.m.i.launch.MavenLaunchDelegate - D:\Desarrollo_Orientado_Servicios\workspace2\mysql
2020-10-14 10:19:26,882 [Worker-38: Launching mysql] INFO  o.e.m.i.launch.MavenLaunchDelegate -  mvn -B clean install -e
2020-10-14 10:19:51,324 [Worker-42: Launching mysql] INFO  o.e.m.i.launch.MavenLaunchDelegate - D:\Desarrollo_Orientado_Servicios\workspace2\mysql
2020-10-14 10:19:51,325 [Worker-42: Launching mysql] INFO  o.e.m.i.launch.MavenLaunchDelegate -  mvn -B clean install -e
2020-10-14 10:20:59,298 [Worker-41: Launching postgresql] INFO  o.e.m.i.launch.MavenLaunchDelegate - D:\Desarrollo_Orientado_Servicios\workspace2\postgres
2020-10-14 10:20:59,299 [Worker-41: Launching postgresql] INFO  o.e.m.i.launch.MavenLaunchDelegate -  mvn -B clean install -e
2020-10-14 10:21:25,261 [Worker-38: Launching postgresql] INFO  o.e.m.i.launch.MavenLaunchDelegate - D:\Desarrollo_Orientado_Servicios\workspace2\postgres
2020-10-14 10:21:25,261 [Worker-38: Launching postgresql] INFO  o.e.m.i.launch.MavenLaunchDelegate -  mvn -B clean install -e
2020-10-14 10:22:11,562 [Worker-38: Launching ejb_dos] INFO  o.e.m.i.launch.MavenLaunchDelegate - D:\Desarrollo_Orientado_Servicios\workspace2\ejb_dos
2020-10-14 10:22:11,562 [Worker-38: Launching ejb_dos] INFO  o.e.m.i.launch.MavenLaunchDelegate -  mvn -B clean install -e
2020-10-14 10:23:36,250 [Worker-42: Launching servicessoap] INFO  o.e.m.i.launch.MavenLaunchDelegate - D:\Desarrollo_Orientado_Servicios\workspace2\servicessoap
2020-10-14 10:23:36,251 [Worker-42: Launching servicessoap] INFO  o.e.m.i.launch.MavenLaunchDelegate -  mvn -B clean install -e
2020-10-14 10:24:40,714 [Worker-42: Launching serviceear] INFO  o.e.m.i.launch.MavenLaunchDelegate - D:\Desarrollo_Orientado_Servicios\workspace2\serviceear
2020-10-14 10:24:40,714 [Worker-42: Launching serviceear] INFO  o.e.m.i.launch.MavenLaunchDelegate -  mvn -B clean install -e
2020-10-14 10:31:14,114 [Worker-61: Launching serviceear] INFO  o.e.m.i.launch.MavenLaunchDelegate - D:\Desarrollo_Orientado_Servicios\workspace2\serviceear
2020-10-14 10:31:14,114 [Worker-61: Launching serviceear] INFO  o.e.m.i.launch.MavenLaunchDelegate -  mvn -B clean install -e
2020-10-14 10:32:20,521 [Worker-56: Launching serviceear] INFO  o.e.m.i.launch.MavenLaunchDelegate - D:\Desarrollo_Orientado_Servicios\workspace2\serviceear
2020-10-14 10:32:20,521 [Worker-56: Launching serviceear] INFO  o.e.m.i.launch.MavenLaunchDelegate -  mvn -B clean install -e
2020-10-14 10:36:36,984 [Worker-78: Launching serviceear] INFO  o.e.m.i.launch.MavenLaunchDelegate - D:\Desarrollo_Orientado_Servicios\workspace2\serviceear
2020-10-14 10:36:36,985 [Worker-78: Launching serviceear] INFO  o.e.m.i.launch.MavenLaunchDelegate -  mvn -B clean install -e
2020-10-14 10:37:54,095 [Worker-76: Launching serviceear] INFO  o.e.m.i.launch.MavenLaunchDelegate - D:\Desarrollo_Orientado_Servicios\workspace2\serviceear
2020-10-14 10:37:54,096 [Worker-76: Launching serviceear] INFO  o.e.m.i.launch.MavenLaunchDelegate -  mvn -B clean install -e
2020-10-14 10:41:12,732 [Worker-77: Launching serviceear] INFO  o.e.m.i.launch.MavenLaunchDelegate - D:\Desarrollo_Orientado_Servicios\workspace2\serviceear
2020-10-14 10:41:12,732 [Worker-77: Launching serviceear] INFO  o.e.m.i.launch.MavenLaunchDelegate -  mvn -B clean install -e
2020-10-14 10:44:28,873 [Worker-81: Launching serviceear] INFO  o.e.m.i.launch.MavenLaunchDelegate - D:\Desarrollo_Orientado_Servicios\workspace2\serviceear
2020-10-14 10:44:28,874 [Worker-81: Launching serviceear] INFO  o.e.m.i.launch.MavenLaunchDelegate -  mvn -B clean install -e
2020-10-14 10:54:11,813 [Worker-3: Building] WARN  o.e.m.c.i.embedder.EclipseLogger - Using platform encoding (Cp1252 actually) to copy filtered resources, i.e. build is platform dependent!
2020-10-14 10:54:12,606 [Worker-3: Building] INFO  o.e.m.c.i.embedder.EclipseLogger - Copying 0 resource
2020-10-14 10:54:12,693 [Worker-3: Building] WARN  o.e.m.c.i.embedder.EclipseLogger - Using platform encoding (Cp1252 actually) to copy filtered resources, i.e. build is platform dependent!
2020-10-14 10:54:13,048 [Worker-3: Building] INFO  o.e.m.c.i.embedder.EclipseLogger - Copying 0 resource
2020-10-14 10:54:20,099 [Worker-16: Building] WARN  o.e.m.c.i.embedder.EclipseLogger - Using platform encoding (Cp1252 actually) to copy filtered resources, i.e. build is platform dependent!
2020-10-14 10:54:20,169 [Worker-16: Building] INFO  o.e.m.c.i.embedder.EclipseLogger - Copying 0 resource
2020-10-14 10:54:20,173 [Worker-16: Building] WARN  o.e.m.c.i.embedder.EclipseLogger - Using platform encoding (Cp1252 actually) to copy filtered resources, i.e. build is platform dependent!
2020-10-14 10:54:20,278 [Worker-16: Building] INFO  o.e.m.c.i.embedder.EclipseLogger - Copying 0 resource
2020-10-14 10:54:29,658 [Worker-11: Building] INFO  o.e.m.c.i.p.WorkspaceClassifierResolverManager - Resolving P/mysql: ustados:mysql:0.0.1-SNAPSHOT with classifier  to /mysql/target/classes
2020-10-14 10:54:29,688 [Worker-11: Building] INFO  o.e.m.c.i.p.WorkspaceClassifierResolverManager - Resolving P/postgres: ustados:postgres:0.0.1-SNAPSHOT with classifier  to /postgres/target/classes
2020-10-14 10:54:29,755 [Worker-11: Building] INFO  o.e.m.c.i.embedder.EclipseLogger - Using 'UTF-8' encoding to copy filtered resources.
2020-10-14 10:54:29,756 [Worker-11: Building] INFO  o.e.m.c.i.embedder.EclipseLogger - Copying 4 resources
2020-10-14 10:54:29,935 [Worker-11: Building] INFO  o.e.m.c.i.embedder.EclipseLogger - Using 'UTF-8' encoding to copy filtered resources.
2020-10-14 10:54:29,936 [Worker-11: Building] INFO  o.e.m.c.i.embedder.EclipseLogger - skip non existing resourceDirectory D:\Desarrollo_Orientado_Servicios\workspace2\ejb_dos\src\test\resources
2020-10-14 10:54:31,381 [Worker-19: Building] INFO  o.e.m.c.i.p.WorkspaceClassifierResolverManager - Resolving P/servicessoap: ustados:servicessoap:0.0.1-SNAPSHOT with classifier  to /servicessoap/target/classes
2020-10-14 10:54:31,381 [Worker-19: Building] INFO  o.e.m.c.i.p.WorkspaceClassifierResolverManager - Resolving P/ejb_dos: ustados:ejb_dos:0.0.1-SNAPSHOT with classifier  to /ejb_dos/target/classes
2020-10-14 10:54:31,383 [Worker-19: Building] INFO  o.e.m.c.i.p.WorkspaceClassifierResolverManager - Resolving P/mysql: ustados:mysql:0.0.1-SNAPSHOT with classifier  to /mysql/target/classes
2020-10-14 10:54:31,386 [Worker-19: Building] INFO  o.e.m.c.i.p.WorkspaceClassifierResolverManager - Resolving P/postgres: ustados:postgres:0.0.1-SNAPSHOT with classifier  to /postgres/target/classes
2020-10-14 10:54:31,519 [Worker-19: Building] INFO  o.e.m.w.i.f.ResourceFilteringBuildParticipant - Changed resources require a complete clean of filtered resources of serviceear
2020-10-14 10:54:31,521 [Worker-19: Building] INFO  o.e.m.w.i.f.ResourceFilteringBuildParticipant - Executing resource filtering for serviceear
2020-10-14 10:54:32,465 [Worker-19: Building] INFO  o.e.m.c.i.embedder.EclipseLogger - Using 'UTF-8' encoding to copy filtered resources.
2020-10-14 10:54:32,539 [Worker-19: Building] INFO  o.e.m.c.i.p.WorkspaceClassifierResolverManager - Resolving P/servicessoap: ustados:servicessoap:0.0.1-SNAPSHOT with classifier  to /servicessoap/target/classes
2020-10-14 10:54:32,539 [Worker-19: Building] INFO  o.e.m.c.i.p.WorkspaceClassifierResolverManager - Resolving P/ejb_dos: ustados:ejb_dos:0.0.1-SNAPSHOT with classifier  to /ejb_dos/target/classes
2020-10-14 10:54:32,541 [Worker-19: Building] INFO  o.e.m.c.i.p.WorkspaceClassifierResolverManager - Resolving P/mysql: ustados:mysql:0.0.1-SNAPSHOT with classifier  to /mysql/target/classes
2020-10-14 10:54:32,544 [Worker-19: Building] INFO  o.e.m.c.i.p.WorkspaceClassifierResolverManager - Resolving P/postgres: ustados:postgres:0.0.1-SNAPSHOT with classifier  to /postgres/target/classes
2020-10-14 10:54:33,166 [Worker-19: Building] INFO  o.e.m.c.i.embedder.EclipseLogger - Generating application.xml
2020-10-14 10:54:33,325 [Worker-19: Building] INFO  o.e.m.c.i.embedder.EclipseLogger - Using 'UTF-8' encoding to copy filtered resources.
2020-10-14 10:54:33,325 [Worker-19: Building] INFO  o.e.m.c.i.embedder.EclipseLogger - skip non existing resourceDirectory D:\Desarrollo_Orientado_Servicios\workspace2\serviceear\src\main\resources
2020-10-14 10:54:33,770 [Worker-17: Loading available Gradle versions] INFO  o.e.b.c.i.u.g.PublishedGradleVersions - Gradle version information cache is up-to-date. Trying to read.
2020-10-14 10:54:40,005 [Worker-6: Building] INFO  o.e.m.c.i.p.WorkspaceClassifierResolverManager - Resolving P/ejb_dos: ustados:ejb_dos:0.0.1-SNAPSHOT with classifier  to /ejb_dos/target/classes
2020-10-14 10:54:40,006 [Worker-6: Building] INFO  o.e.m.c.i.p.WorkspaceClassifierResolverManager - Resolving P/mysql: ustados:mysql:0.0.1-SNAPSHOT with classifier  to /mysql/target/classes
2020-10-14 10:54:40,009 [Worker-6: Building] INFO  o.e.m.c.i.p.WorkspaceClassifierResolverManager - Resolving P/postgres: ustados:postgres:0.0.1-SNAPSHOT with classifier  to /postgres/target/classes
2020-10-14 10:54:40,193 [Worker-6: Building] INFO  o.e.m.c.i.embedder.EclipseLogger - Using 'UTF-8' encoding to copy filtered resources.
2020-10-14 10:54:40,195 [Worker-6: Building] INFO  o.e.m.c.i.embedder.EclipseLogger - skip non existing resourceDirectory D:\Desarrollo_Orientado_Servicios\workspace2\servicessoap\src\main\resources
2020-10-14 10:54:40,198 [Worker-6: Building] INFO  o.e.m.c.i.embedder.EclipseLogger - Using 'UTF-8' encoding to copy filtered resources.
2020-10-14 10:54:40,198 [Worker-6: Building] INFO  o.e.m.c.i.embedder.EclipseLogger - skip non existing resourceDirectory D:\Desarrollo_Orientado_Servicios\workspace2\servicessoap\src\test\resources
2020-10-14 10:54:40,211 [Worker-6: Building] INFO  o.e.m.w.i.f.ResourceFilteringBuildParticipant - Changed resources require a complete clean of filtered resources of servicessoap
2020-10-14 10:54:40,212 [Worker-6: Building] INFO  o.e.m.w.i.f.ResourceFilteringBuildParticipant - Executing resource filtering for servicessoap
2020-10-14 10:54:40,270 [Worker-6: Building] INFO  o.e.m.c.i.embedder.EclipseLogger - Using 'UTF-8' encoding to copy filtered resources.
2020-10-14 11:22:58,889 [Worker-38: Building] INFO  o.e.m.c.i.embedder.EclipseLogger - Using 'UTF-8' encoding to copy filtered resources.
2020-10-14 11:22:58,890 [Worker-38: Building] INFO  o.e.m.c.i.embedder.EclipseLogger - skip non existing resourceDirectory D:\Desarrollo_Orientado_Servicios\workspace2\servicessoap\src\main\resources
2020-10-14 11:22:58,892 [Worker-38: Building] INFO  o.e.m.c.i.embedder.EclipseLogger - Using 'UTF-8' encoding to copy filtered resources.
2020-10-14 11:22:58,892 [Worker-38: Building] INFO  o.e.m.c.i.embedder.EclipseLogger - skip non existing resourceDirectory D:\Desarrollo_Orientado_Servicios\workspace2\servicessoap\src\test\resources
2020-10-14 11:23:09,522 [Worker-41: Building] INFO  o.e.m.c.i.embedder.EclipseLogger - Using 'UTF-8' encoding to copy filtered resources.
2020-10-14 11:23:09,522 [Worker-41: Building] INFO  o.e.m.c.i.embedder.EclipseLogger - skip non existing resourceDirectory D:\Desarrollo_Orientado_Servicios\workspace2\servicessoap\src\main\resources
2020-10-14 11:23:09,524 [Worker-41: Building] INFO  o.e.m.c.i.embedder.EclipseLogger - Using 'UTF-8' encoding to copy filtered resources.
2020-10-14 11:23:09,526 [Worker-41: Building] INFO  o.e.m.c.i.embedder.EclipseLogger - skip non existing resourceDirectory D:\Desarrollo_Orientado_Servicios\workspace2\servicessoap\src\test\resources
2020-10-14 11:23:19,247 [Worker-41: Launching servicessoap] INFO  o.e.m.i.launch.MavenLaunchDelegate - D:\Desarrollo_Orientado_Servicios\workspace2\servicessoap
2020-10-14 11:23:19,251 [Worker-41: Launching servicessoap] INFO  o.e.m.i.launch.MavenLaunchDelegate -  mvn -B clean install -e
2020-10-14 11:44:42,016 [Worker-4: Loading available Gradle versions] INFO  o.e.b.c.i.u.g.PublishedGradleVersions - Gradle version information cache is up-to-date. Trying to read.
2020-10-14 11:45:00,476 [Worker-4: Building] WARN  o.e.m.c.i.embedder.EclipseLogger - Using platform encoding (Cp1252 actually) to copy filtered resources, i.e. build is platform dependent!
2020-10-14 11:45:01,593 [Worker-4: Building] INFO  o.e.m.c.i.embedder.EclipseLogger - Copying 0 resource
2020-10-14 11:45:01,603 [Worker-4: Building] WARN  o.e.m.c.i.embedder.EclipseLogger - Using platform encoding (Cp1252 actually) to copy filtered resources, i.e. build is platform dependent!
2020-10-14 11:45:02,512 [Worker-4: Building] INFO  o.e.m.c.i.embedder.EclipseLogger - Copying 0 resource
2020-10-14 11:45:13,483 [Worker-12: Building] WARN  o.e.m.c.i.embedder.EclipseLogger - Using platform encoding (Cp1252 actually) to copy filtered resources, i.e. build is platform dependent!
2020-10-14 11:45:13,682 [Worker-12: Building] INFO  o.e.m.c.i.embedder.EclipseLogger - Copying 0 resource
2020-10-14 11:45:13,688 [Worker-12: Building] WARN  o.e.m.c.i.embedder.EclipseLogger - Using platform encoding (Cp1252 actually) to copy filtered resources, i.e. build is platform dependent!
2020-10-14 11:45:13,770 [Worker-12: Building] INFO  o.e.m.c.i.embedder.EclipseLogger - Copying 0 resource
2020-10-14 11:45:15,917 [Worker-11: Building] INFO  o.e.m.c.i.p.WorkspaceClassifierResolverManager - Resolving P/mysql: ustados:mysql:0.0.1-SNAPSHOT with classifier  to /mysql/target/classes
2020-10-14 11:45:15,929 [Worker-11: Building] INFO  o.e.m.c.i.p.WorkspaceClassifierResolverManager - Resolving P/postgres: ustados:postgres:0.0.1-SNAPSHOT with classifier  to /postgres/target/classes
2020-10-14 11:45:16,031 [Worker-11: Building] INFO  o.e.m.c.i.embedder.EclipseLogger - Using 'UTF-8' encoding to copy filtered resources.
2020-10-14 11:45:16,032 [Worker-11: Building] INFO  o.e.m.c.i.embedder.EclipseLogger - Copying 4 resources
2020-10-14 11:45:16,523 [Worker-11: Building] INFO  o.e.m.c.i.embedder.EclipseLogger - Using 'UTF-8' encoding to copy filtered resources.
2020-10-14 11:45:16,524 [Worker-11: Building] INFO  o.e.m.c.i.embedder.EclipseLogger - skip non existing resourceDirectory D:\Desarrollo_Orientado_Servicios\workspace2\ejb_dos\src\test\resources
2020-10-14 11:45:18,268 [Worker-20: Building] INFO  o.e.m.c.i.p.WorkspaceClassifierResolverManager - Resolving P/servicessoap: ustados:servicessoap:0.0.1-SNAPSHOT with classifier  to /servicessoap/target/classes
2020-10-14 11:45:18,269 [Worker-20: Building] INFO  o.e.m.c.i.p.WorkspaceClassifierResolverManager - Resolving P/ejb_dos: ustados:ejb_dos:0.0.1-SNAPSHOT with classifier  to /ejb_dos/target/classes
2020-10-14 11:45:18,271 [Worker-20: Building] INFO  o.e.m.c.i.p.WorkspaceClassifierResolverManager - Resolving P/mysql: ustados:mysql:0.0.1-SNAPSHOT with classifier  to /mysql/target/classes
2020-10-14 11:45:18,275 [Worker-20: Building] INFO  o.e.m.c.i.p.WorkspaceClassifierResolverManager - Resolving P/postgres: ustados:postgres:0.0.1-SNAPSHOT with classifier  to /postgres/target/classes
2020-10-14 11:45:18,391 [Worker-20: Building] INFO  o.e.m.c.i.embedder.EclipseLogger - Using 'UTF-8' encoding to copy filtered resources.
2020-10-14 11:45:18,393 [Worker-20: Building] INFO  o.e.m.c.i.embedder.EclipseLogger - skip non existing resourceDirectory D:\Desarrollo_Orientado_Servicios\workspace2\serviceear\src\main\resources
2020-10-14 11:45:26,304 [Worker-15: Building] INFO  o.e.m.c.i.p.WorkspaceClassifierResolverManager - Resolving P/ejb_dos: ustados:ejb_dos:0.0.1-SNAPSHOT with classifier  to /ejb_dos/target/classes
2020-10-14 11:45:26,307 [Worker-15: Building] INFO  o.e.m.c.i.p.WorkspaceClassifierResolverManager - Resolving P/mysql: ustados:mysql:0.0.1-SNAPSHOT with classifier  to /mysql/target/classes
2020-10-14 11:45:26,341 [Worker-15: Building] INFO  o.e.m.c.i.p.WorkspaceClassifierResolverManager - Resolving P/postgres: ustados:postgres:0.0.1-SNAPSHOT with classifier  to /postgres/target/classes
2020-10-14 11:45:26,384 [Worker-15: Building] INFO  o.e.m.c.i.embedder.EclipseLogger - Using 'UTF-8' encoding to copy filtered resources.
2020-10-14 11:45:26,384 [Worker-15: Building] INFO  o.e.m.c.i.embedder.EclipseLogger - skip non existing resourceDirectory D:\Desarrollo_Orientado_Servicios\workspace2\servicessoap\src\main\resources
2020-10-14 11:45:26,387 [Worker-15: Building] INFO  o.e.m.c.i.embedder.EclipseLogger - Using 'UTF-8' encoding to copy filtered resources.
2020-10-14 11:45:26,387 [Worker-15: Building] INFO  o.e.m.c.i.embedder.EclipseLogger - skip non existing resourceDirectory D:\Desarrollo_Orientado_Servicios\workspace2\servicessoap\src\test\resources
2020-10-14 11:45:26,399 [Worker-15: Building] INFO  o.e.m.w.i.f.ResourceFilteringBuildParticipant - Changed resources require a complete clean of filtered resources of servicessoap
2020-10-14 11:45:26,402 [Worker-15: Building] INFO  o.e.m.w.i.f.ResourceFilteringBuildParticipant - Executing resource filtering for servicessoap
2020-10-14 11:45:26,484 [Worker-15: Building] INFO  o.e.m.c.i.embedder.EclipseLogger - Using 'UTF-8' encoding to copy filtered resources.
2020-10-14 11:46:31,529 [Worker-7: Launching ejb_dos] INFO  o.e.m.i.launch.MavenLaunchDelegate - D:\Desarrollo_Orientado_Servicios\workspace2\ejb_dos
2020-10-14 11:46:31,535 [Worker-7: Launching ejb_dos] INFO  o.e.m.i.launch.MavenLaunchDelegate -  mvn -B clean install -e
2020-10-14 11:47:31,509 [Worker-11: Launching servicessoap] INFO  o.e.m.i.launch.MavenLaunchDelegate - D:\Desarrollo_Orientado_Servicios\workspace2\servicessoap
2020-10-14 11:47:31,510 [Worker-11: Launching servicessoap] INFO  o.e.m.i.launch.MavenLaunchDelegate -  mvn -B clean install -e
2020-10-14 11:49:11,510 [Worker-4: Building] INFO  o.e.m.c.i.embedder.EclipseLogger - Using 'UTF-8' encoding to copy filtered resources.
2020-10-14 11:49:11,511 [Worker-4: Building] INFO  o.e.m.c.i.embedder.EclipseLogger - skip non existing resourceDirectory D:\Desarrollo_Orientado_Servicios\workspace2\servicessoap\src\main\resources
2020-10-14 11:49:11,514 [Worker-4: Building] INFO  o.e.m.c.i.embedder.EclipseLogger - Using 'UTF-8' encoding to copy filtered resources.
2020-10-14 11:49:11,515 [Worker-4: Building] INFO  o.e.m.c.i.embedder.EclipseLogger - skip non existing resourceDirectory D:\Desarrollo_Orientado_Servicios\workspace2\servicessoap\src\test\resources
2020-10-14 11:49:11,527 [Worker-4: Building] INFO  o.e.m.w.i.f.ResourceFilteringBuildParticipant - Changed resources require a complete clean of filtered resources of servicessoap
2020-10-14 11:49:11,528 [Worker-4: Building] INFO  o.e.m.w.i.f.ResourceFilteringBuildParticipant - Executing resource filtering for servicessoap
2020-10-14 11:49:13,683 [Worker-4: Building] INFO  o.e.m.c.i.embedder.EclipseLogger - Using 'UTF-8' encoding to copy filtered resources.
2020-10-14 11:50:14,352 [Worker-20: Building] INFO  o.e.m.c.i.embedder.EclipseLogger - Using 'UTF-8' encoding to copy filtered resources.
2020-10-14 11:50:14,352 [Worker-20: Building] INFO  o.e.m.c.i.embedder.EclipseLogger - skip non existing resourceDirectory D:\Desarrollo_Orientado_Servicios\workspace2\servicessoap\src\main\resources
2020-10-14 11:50:14,356 [Worker-20: Building] INFO  o.e.m.c.i.embedder.EclipseLogger - Using 'UTF-8' encoding to copy filtered resources.
2020-10-14 11:50:14,356 [Worker-20: Building] INFO  o.e.m.c.i.embedder.EclipseLogger - skip non existing resourceDirectory D:\Desarrollo_Orientado_Servicios\workspace2\servicessoap\src\test\resources
2020-10-14 11:50:15,444 [Worker-18: Building] INFO  o.e.m.c.i.embedder.EclipseLogger - Using 'UTF-8' encoding to copy filtered resources.
2020-10-14 11:50:15,451 [Worker-18: Building] INFO  o.e.m.c.i.embedder.EclipseLogger - Copying 4 resources
2020-10-14 11:50:15,454 [Worker-18: Building] INFO  o.e.m.c.i.embedder.EclipseLogger - Using 'UTF-8' encoding to copy filtered resources.
2020-10-14 11:50:15,454 [Worker-18: Building] INFO  o.e.m.c.i.embedder.EclipseLogger - skip non existing resourceDirectory D:\Desarrollo_Orientado_Servicios\workspace2\ejb_dos\src\test\resources
2020-10-14 11:50:15,481 [Worker-18: Building] INFO  o.e.m.c.i.embedder.EclipseLogger - Using 'UTF-8' encoding to copy filtered resources.
2020-10-14 11:50:15,481 [Worker-18: Building] INFO  o.e.m.c.i.embedder.EclipseLogger - skip non existing resourceDirectory D:\Desarrollo_Orientado_Servicios\workspace2\servicessoap\src\main\resources
2020-10-14 11:50:15,483 [Worker-18: Building] INFO  o.e.m.c.i.embedder.EclipseLogger - Using 'UTF-8' encoding to copy filtered resources.
2020-10-14 11:50:15,484 [Worker-18: Building] INFO  o.e.m.c.i.embedder.EclipseLogger - skip non existing resourceDirectory D:\Desarrollo_Orientado_Servicios\workspace2\servicessoap\src\test\resources
2020-10-14 11:50:28,291 [Worker-13: Building] INFO  o.e.m.c.i.embedder.EclipseLogger - Using 'UTF-8' encoding to copy filtered resources.
2020-10-14 11:50:28,292 [Worker-13: Building] INFO  o.e.m.c.i.embedder.EclipseLogger - skip non existing resourceDirectory D:\Desarrollo_Orientado_Servicios\workspace2\servicessoap\src\main\resources
2020-10-14 11:50:28,295 [Worker-13: Building] INFO  o.e.m.c.i.embedder.EclipseLogger - Using 'UTF-8' encoding to copy filtered resources.
2020-10-14 11:50:28,295 [Worker-13: Building] INFO  o.e.m.c.i.embedder.EclipseLogger - skip non existing resourceDirectory D:\Desarrollo_Orientado_Servicios\workspace2\servicessoap\src\test\resources
2020-10-14 11:50:29,360 [Worker-4: Building] INFO  o.e.m.c.i.embedder.EclipseLogger - Using 'UTF-8' encoding to copy filtered resources.
2020-10-14 11:50:29,360 [Worker-4: Building] INFO  o.e.m.c.i.embedder.EclipseLogger - skip non existing resourceDirectory D:\Desarrollo_Orientado_Servicios\workspace2\servicessoap\src\main\resources
2020-10-14 11:50:29,363 [Worker-4: Building] INFO  o.e.m.c.i.embedder.EclipseLogger - Using 'UTF-8' encoding to copy filtered resources.
2020-10-14 11:50:29,363 [Worker-4: Building] INFO  o.e.m.c.i.embedder.EclipseLogger - skip non existing resourceDirectory D:\Desarrollo_Orientado_Servicios\workspace2\servicessoap\src\test\resources
2020-10-14 11:50:34,946 [Worker-20: Launching servicessoap] INFO  o.e.m.i.launch.MavenLaunchDelegate - D:\Desarrollo_Orientado_Servicios\workspace2\servicessoap
2020-10-14 11:50:34,947 [Worker-20: Launching servicessoap] INFO  o.e.m.i.launch.MavenLaunchDelegate -  mvn -B clean install -e
2020-10-14 12:14:50,538 [Worker-36: Building] WARN  o.e.m.c.i.embedder.EclipseLogger - Using platform encoding (Cp1252 actually) to copy filtered resources, i.e. build is platform dependent!
2020-10-14 12:14:50,551 [Worker-36: Building] INFO  o.e.m.c.i.embedder.EclipseLogger - Copying 0 resource
2020-10-14 12:14:50,553 [Worker-36: Building] WARN  o.e.m.c.i.embedder.EclipseLogger - Using platform encoding (Cp1252 actually) to copy filtered resources, i.e. build is platform dependent!
2020-10-14 12:14:50,563 [Worker-36: Building] INFO  o.e.m.c.i.embedder.EclipseLogger - Copying 0 resource
2020-10-14 12:29:06,755 [Worker-39: Launching ejb_dos] INFO  o.e.m.i.launch.MavenLaunchDelegate - D:\Desarrollo_Orientado_Servicios\workspace2\ejb_dos
2020-10-14 12:29:06,756 [Worker-39: Launching ejb_dos] INFO  o.e.m.i.launch.MavenLaunchDelegate -  mvn -B clean install -e
2020-10-19 09:50:58,804 [Worker-5: Loading available Gradle versions] INFO  o.e.b.c.i.u.g.PublishedGradleVersions - Gradle version information cache is out-of-date. Trying to update.
2020-10-19 09:52:18,926 [Worker-20: Building] INFO  o.e.m.c.i.p.WorkspaceClassifierResolverManager - Resolving P/mysql: ustados:mysql:0.0.1-SNAPSHOT with classifier  to /mysql/target/classes
2020-10-19 09:52:19,007 [Worker-20: Building] INFO  o.e.m.c.i.p.WorkspaceClassifierResolverManager - Resolving P/postgres: ustados:postgres:0.0.1-SNAPSHOT with classifier  to /postgres/target/classes
2020-10-19 09:52:39,944 [Worker-20: Building] INFO  o.e.m.c.i.embedder.EclipseLogger - Using 'UTF-8' encoding to copy filtered resources.
2020-10-19 09:52:40,216 [Worker-20: Building] INFO  o.e.m.c.i.embedder.EclipseLogger - Copying 4 resources
2020-10-19 09:52:41,247 [Worker-20: Building] INFO  o.e.m.c.i.embedder.EclipseLogger - Using 'UTF-8' encoding to copy filtered resources.
2020-10-19 09:52:41,247 [Worker-20: Building] INFO  o.e.m.c.i.embedder.EclipseLogger - skip non existing resourceDirectory D:\Desarrollo_Orientado_Servicios\workspace2\ejb_dos\src\test\resources
2020-10-19 09:53:35,784 [Worker-14: Building] INFO  o.e.m.c.i.p.WorkspaceClassifierResolverManager - Resolving P/ejb_dos: ustados:ejb_dos:0.0.1-SNAPSHOT with classifier  to /ejb_dos/target/classes
2020-10-19 09:53:35,785 [Worker-14: Building] INFO  o.e.m.c.i.p.WorkspaceClassifierResolverManager - Resolving P/mysql: ustados:mysql:0.0.1-SNAPSHOT with classifier  to /mysql/target/classes
2020-10-19 09:53:35,788 [Worker-14: Building] INFO  o.e.m.c.i.p.WorkspaceClassifierResolverManager - Resolving P/postgres: ustados:postgres:0.0.1-SNAPSHOT with classifier  to /postgres/target/classes
2020-10-19 09:53:35,947 [Worker-14: Building] INFO  o.e.m.c.i.embedder.EclipseLogger - Using 'UTF-8' encoding to copy filtered resources.
2020-10-19 09:53:36,007 [Worker-14: Building] INFO  o.e.m.c.i.embedder.EclipseLogger - skip non existing resourceDirectory D:\Desarrollo_Orientado_Servicios\workspace2\servicessoap\src\main\resources
2020-10-19 09:53:36,009 [Worker-14: Building] INFO  o.e.m.c.i.embedder.EclipseLogger - Using 'UTF-8' encoding to copy filtered resources.
2020-10-19 09:53:36,009 [Worker-14: Building] INFO  o.e.m.c.i.embedder.EclipseLogger - skip non existing resourceDirectory D:\Desarrollo_Orientado_Servicios\workspace2\servicessoap\src\test\resources
2020-10-19 09:56:32,009 [Worker-5: Building] INFO  o.e.m.c.i.embedder.EclipseLogger - Using 'UTF-8' encoding to copy filtered resources.
2020-10-19 09:56:32,009 [Worker-5: Building] INFO  o.e.m.c.i.embedder.EclipseLogger - skip non existing resourceDirectory D:\Desarrollo_Orientado_Servicios\workspace2\servicessoap\src\main\resources
2020-10-19 09:56:32,011 [Worker-5: Building] INFO  o.e.m.c.i.embedder.EclipseLogger - Using 'UTF-8' encoding to copy filtered resources.
2020-10-19 09:56:32,011 [Worker-5: Building] INFO  o.e.m.c.i.embedder.EclipseLogger - skip non existing resourceDirectory D:\Desarrollo_Orientado_Servicios\workspace2\servicessoap\src\test\resources
2020-10-20 13:24:51,649 [Worker-4: Loading available Gradle versions] INFO  o.e.b.c.i.u.g.PublishedGradleVersions - Gradle version information cache is out-of-date. Trying to update.
2020-10-20 13:25:55,017 [Worker-0: Building] INFO  o.e.m.c.i.p.WorkspaceClassifierResolverManager - Resolving P/mysql: ustados:mysql:0.0.1-SNAPSHOT with classifier  to /mysql/target/classes
2020-10-20 13:25:55,116 [Worker-0: Building] INFO  o.e.m.c.i.p.WorkspaceClassifierResolverManager - Resolving P/postgres: ustados:postgres:0.0.1-SNAPSHOT with classifier  to /postgres/target/classes
2020-10-20 13:26:07,423 [Worker-0: Building] INFO  o.e.m.c.i.embedder.EclipseLogger - Using 'UTF-8' encoding to copy filtered resources.
2020-10-20 13:26:07,496 [Worker-0: Building] INFO  o.e.m.c.i.embedder.EclipseLogger - Copying 4 resources
2020-10-20 13:26:07,559 [Worker-0: Building] INFO  o.e.m.c.i.embedder.EclipseLogger - Using 'UTF-8' encoding to copy filtered resources.
2020-10-20 13:26:07,560 [Worker-0: Building] INFO  o.e.m.c.i.embedder.EclipseLogger - skip non existing resourceDirectory D:\Desarrollo_Orientado_Servicios\workspace2\ejb_dos\src\test\resources
2020-10-20 13:26:41,175 [Worker-14: Building] INFO  o.e.m.c.i.p.WorkspaceClassifierResolverManager - Resolving P/ejb_dos: ustados:ejb_dos:0.0.1-SNAPSHOT with classifier  to /ejb_dos/target/classes
2020-10-20 13:26:41,182 [Worker-14: Building] INFO  o.e.m.c.i.p.WorkspaceClassifierResolverManager - Resolving P/mysql: ustados:mysql:0.0.1-SNAPSHOT with classifier  to /mysql/target/classes
2020-10-20 13:26:41,190 [Worker-14: Building] INFO  o.e.m.c.i.p.WorkspaceClassifierResolverManager - Resolving P/postgres: ustados:postgres:0.0.1-SNAPSHOT with classifier  to /postgres/target/classes
2020-10-20 13:26:42,385 [Worker-14: Building] INFO  o.e.m.c.i.embedder.EclipseLogger - Using 'UTF-8' encoding to copy filtered resources.
2020-10-20 13:26:42,406 [Worker-14: Building] INFO  o.e.m.c.i.embedder.EclipseLogger - skip non existing resourceDirectory D:\Desarrollo_Orientado_Servicios\workspace2\servicessoap\src\main\resources
2020-10-20 13:26:42,408 [Worker-14: Building] INFO  o.e.m.c.i.embedder.EclipseLogger - Using 'UTF-8' encoding to copy filtered resources.
2020-10-20 13:26:42,409 [Worker-14: Building] INFO  o.e.m.c.i.embedder.EclipseLogger - skip non existing resourceDirectory D:\Desarrollo_Orientado_Servicios\workspace2\servicessoap\src\test\resources
2020-10-20 13:26:46,154 [Worker-2: Launching ejb_dos] INFO  o.e.m.i.launch.MavenLaunchDelegate - D:\Desarrollo_Orientado_Servicios\workspace2\ejb_dos
2020-10-20 13:26:46,155 [Worker-2: Launching ejb_dos] INFO  o.e.m.i.launch.MavenLaunchDelegate -  mvn -B clean install -e
2020-10-21 08:50:16,268 [Worker-1: Loading available Gradle versions] INFO  o.e.b.c.i.u.g.PublishedGradleVersions - Gradle version information cache is up-to-date. Trying to read.
2020-10-21 08:50:54,704 [Worker-16: Building] INFO  o.e.m.c.i.p.WorkspaceClassifierResolverManager - Resolving P/mysql: ustados:mysql:0.0.1-SNAPSHOT with classifier  to /mysql/target/classes
2020-10-21 08:50:54,711 [Worker-16: Building] INFO  o.e.m.c.i.p.WorkspaceClassifierResolverManager - Resolving P/postgres: ustados:postgres:0.0.1-SNAPSHOT with classifier  to /postgres/target/classes
2020-10-21 08:51:01,851 [Worker-16: Building] INFO  o.e.m.c.i.embedder.EclipseLogger - Using 'UTF-8' encoding to copy filtered resources.
2020-10-21 08:51:01,869 [Worker-16: Building] INFO  o.e.m.c.i.embedder.EclipseLogger - Copying 4 resources
2020-10-21 08:51:01,880 [Worker-16: Building] INFO  o.e.m.c.i.embedder.EclipseLogger - Using 'UTF-8' encoding to copy filtered resources.
2020-10-21 08:51:01,880 [Worker-16: Building] INFO  o.e.m.c.i.embedder.EclipseLogger - skip non existing resourceDirectory D:\Desarrollo_Orientado_Servicios\workspace2\ejb_dos\src\test\resources
2020-10-21 09:58:50,616 [Worker-3: Loading available Gradle versions] INFO  o.e.b.c.i.u.g.PublishedGradleVersions - Gradle version information cache is up-to-date. Trying to read.
2020-10-21 09:59:21,873 [Worker-12: Building] INFO  o.e.m.c.i.p.WorkspaceClassifierResolverManager - Resolving P/ejb_dos: ustados:ejb_dos:0.0.1-SNAPSHOT with classifier  to /ejb_dos/target/classes
2020-10-21 09:59:21,879 [Worker-12: Building] INFO  o.e.m.c.i.p.WorkspaceClassifierResolverManager - Resolving P/mysql: ustados:mysql:0.0.1-SNAPSHOT with classifier  to /mysql/target/classes
2020-10-21 09:59:21,884 [Worker-12: Building] INFO  o.e.m.c.i.p.WorkspaceClassifierResolverManager - Resolving P/postgres: ustados:postgres:0.0.1-SNAPSHOT with classifier  to /postgres/target/classes
2020-10-21 09:59:26,608 [Worker-12: Building] INFO  o.e.m.c.i.embedder.EclipseLogger - Using 'UTF-8' encoding to copy filtered resources.
2020-10-21 09:59:26,618 [Worker-12: Building] INFO  o.e.m.c.i.embedder.EclipseLogger - skip non existing resourceDirectory D:\Desarrollo_Orientado_Servicios\workspace2\servicessoap\src\main\resources
2020-10-21 09:59:26,623 [Worker-12: Building] INFO  o.e.m.c.i.embedder.EclipseLogger - Using 'UTF-8' encoding to copy filtered resources.
2020-10-21 09:59:26,623 [Worker-12: Building] INFO  o.e.m.c.i.embedder.EclipseLogger - skip non existing resourceDirectory D:\Desarrollo_Orientado_Servicios\workspace2\servicessoap\src\test\resources
2020-11-03 16:08:42,011 [Worker-5: Loading available Gradle versions] INFO  o.e.b.c.i.u.g.PublishedGradleVersions - Gradle version information cache is up-to-date. Trying to read.
2020-11-04 09:19:32,477 [Worker-5: Loading available Gradle versions] INFO  o.e.b.c.i.u.g.PublishedGradleVersions - Gradle version information cache is up-to-date. Trying to read.
2020-11-04 09:22:06,202 [Worker-14: Building] WARN  o.e.m.c.i.embedder.EclipseLogger - Using platform encoding (Cp1252 actually) to copy filtered resources, i.e. build is platform dependent!
2020-11-04 09:22:06,635 [Worker-14: Building] INFO  o.e.m.c.i.embedder.EclipseLogger - Copying 0 resource
2020-11-04 09:22:06,641 [Worker-14: Building] WARN  o.e.m.c.i.embedder.EclipseLogger - Using platform encoding (Cp1252 actually) to copy filtered resources, i.e. build is platform dependent!
2020-11-04 09:22:06,665 [Worker-14: Building] INFO  o.e.m.c.i.embedder.EclipseLogger - Copying 0 resource
2020-11-04 09:22:17,286 [Worker-3: Building] INFO  o.e.m.c.i.p.WorkspaceClassifierResolverManager - Resolving P/mysql: ustados:mysql:0.0.1-SNAPSHOT with classifier  to /mysql/target/classes
2020-11-04 09:22:17,299 [Worker-3: Building] INFO  o.e.m.c.i.p.WorkspaceClassifierResolverManager - Resolving P/postgres: ustados:postgres:0.0.1-SNAPSHOT with classifier  to /postgres/target/classes
2020-11-04 09:22:17,699 [Worker-3: Building] INFO  o.e.m.c.i.embedder.EclipseLogger - Using 'UTF-8' encoding to copy filtered resources.
2020-11-04 09:22:17,702 [Worker-3: Building] INFO  o.e.m.c.i.embedder.EclipseLogger - Copying 4 resources
2020-11-04 09:22:17,807 [Worker-3: Building] INFO  o.e.m.c.i.embedder.EclipseLogger - Using 'UTF-8' encoding to copy filtered resources.
2020-11-04 09:22:17,807 [Worker-3: Building] INFO  o.e.m.c.i.embedder.EclipseLogger - skip non existing resourceDirectory D:\Desarrollo_Orientado_Servicios\workspace2\ejb_dos\src\test\resources
2020-11-04 09:22:22,746 [Worker-3: Building] INFO  o.e.m.c.i.p.WorkspaceClassifierResolverManager - Resolving P/servicessoap: ustados:servicessoap:0.0.1-SNAPSHOT with classifier  to /servicessoap/target/classes
2020-11-04 09:22:22,746 [Worker-3: Building] INFO  o.e.m.c.i.p.WorkspaceClassifierResolverManager - Resolving P/ejb_dos: ustados:ejb_dos:0.0.1-SNAPSHOT with classifier  to /ejb_dos/target/classes
2020-11-04 09:22:22,748 [Worker-3: Building] INFO  o.e.m.c.i.p.WorkspaceClassifierResolverManager - Resolving P/mysql: ustados:mysql:0.0.1-SNAPSHOT with classifier  to /mysql/target/classes
2020-11-04 09:22:22,781 [Worker-3: Building] INFO  o.e.m.c.i.p.WorkspaceClassifierResolverManager - Resolving P/postgres: ustados:postgres:0.0.1-SNAPSHOT with classifier  to /postgres/target/classes
2020-11-04 09:22:23,231 [Worker-3: Building] INFO  o.e.m.c.i.embedder.EclipseLogger - Using 'UTF-8' encoding to copy filtered resources.
2020-11-04 09:22:23,231 [Worker-3: Building] INFO  o.e.m.c.i.embedder.EclipseLogger - skip non existing resourceDirectory D:\Desarrollo_Orientado_Servicios\workspace2\serviceear\src\main\resources
2020-11-04 09:22:54,434 [Worker-3: Building] INFO  o.e.m.c.i.p.WorkspaceClassifierResolverManager - Resolving P/ejb_dos: ustados:ejb_dos:0.0.1-SNAPSHOT with classifier  to /ejb_dos/target/classes
2020-11-04 09:22:54,435 [Worker-3: Building] INFO  o.e.m.c.i.p.WorkspaceClassifierResolverManager - Resolving P/mysql: ustados:mysql:0.0.1-SNAPSHOT with classifier  to /mysql/target/classes
2020-11-04 09:22:54,438 [Worker-3: Building] INFO  o.e.m.c.i.p.WorkspaceClassifierResolverManager - Resolving P/postgres: ustados:postgres:0.0.1-SNAPSHOT with classifier  to /postgres/target/classes
2020-11-04 09:22:54,637 [Worker-3: Building] INFO  o.e.m.c.i.embedder.EclipseLogger - Using 'UTF-8' encoding to copy filtered resources.
2020-11-04 09:22:54,638 [Worker-3: Building] INFO  o.e.m.c.i.embedder.EclipseLogger - skip non existing resourceDirectory D:\Desarrollo_Orientado_Servicios\workspace2\servicessoap\src\main\resources
2020-11-04 09:22:54,642 [Worker-3: Building] INFO  o.e.m.c.i.embedder.EclipseLogger - Using 'UTF-8' encoding to copy filtered resources.
2020-11-04 09:22:54,643 [Worker-3: Building] INFO  o.e.m.c.i.embedder.EclipseLogger - skip non existing resourceDirectory D:\Desarrollo_Orientado_Servicios\workspace2\servicessoap\src\test\resources
2020-11-04 09:46:39,277 [Worker-5: Loading available Gradle versions] INFO  o.e.b.c.i.u.g.PublishedGradleVersions - Gradle version information cache is up-to-date. Trying to read.
2020-11-04 09:47:00,368 [Worker-22: Building] INFO  o.e.m.c.i.p.WorkspaceClassifierResolverManager - Resolving P/ejb_dos: ustados:ejb_dos:0.0.1-SNAPSHOT with classifier  to /ejb_dos/target/classes
2020-11-04 09:47:00,375 [Worker-22: Building] INFO  o.e.m.c.i.p.WorkspaceClassifierResolverManager - Resolving P/mysql: ustados:mysql:0.0.1-SNAPSHOT with classifier  to /mysql/target/classes
2020-11-04 09:47:00,380 [Worker-22: Building] INFO  o.e.m.c.i.p.WorkspaceClassifierResolverManager - Resolving P/postgres: ustados:postgres:0.0.1-SNAPSHOT with classifier  to /postgres/target/classes
2020-11-04 09:47:01,869 [Worker-22: Building] INFO  o.e.m.c.i.embedder.EclipseLogger - Using 'UTF-8' encoding to copy filtered resources.
2020-11-04 09:47:01,873 [Worker-22: Building] INFO  o.e.m.c.i.embedder.EclipseLogger - skip non existing resourceDirectory D:\Desarrollo_Orientado_Servicios\workspace2\servicessoap\src\main\resources
2020-11-04 09:47:01,877 [Worker-22: Building] INFO  o.e.m.c.i.embedder.EclipseLogger - Using 'UTF-8' encoding to copy filtered resources.
2020-11-04 09:47:01,878 [Worker-22: Building] INFO  o.e.m.c.i.embedder.EclipseLogger - skip non existing resourceDirectory D:\Desarrollo_Orientado_Servicios\workspace2\servicessoap\src\test\resources
